
 2018-1-25 20:51:59  [33mCALL[39m 
 [90minit({"browserName":"","appium-version":"1.6","platformName":"Android","platformVersion":"6.0","deviceName":"bu zhuang X","automationName":"appium","orientation":"PORTRAIT","noReset":false,"log":"g:\\Project\\wl\\appium\\server\\appiumLog.log","logLevel":"debug","logTimeStamp":true,"deviceReadyTimeout":5,"udid":"127.0.0.1:62001","newCommandTimeout":25,"androidDeviceReadyTimeout":25,"appPackage":"com.huawei.espacev2","appActivity":"com.huawei.espace.module.login.ui.LoginActivity"})[39m 
 undefined 
 
 2018-1-25 20:51:59  [35mPOST[39m 
 /session 
 
 2018-1-25 20:51:59  [33mRESPONSE[39m 
 [90minit({"browserName":"","appium-version":"1.6","platformName":"Android","platformVersion":"6.0","deviceName":"bu zhuang X","automationName":"appium","orientation":"PORTRAIT","noReset":false,"log":"g:\\Project\\wl\\appium\\server\\appiumLog.log","logLevel":"debug","logTimeStamp":true,"deviceReadyTimeout":5,"udid":"127.0.0.1:62001","newCommandTimeout":25,"androidDeviceReadyTimeout":25,"appPackage":"com.huawei.espacev2","appActivity":"com.huawei.espace.module.login.ui.LoginActivity"})[39m 
 "3b76923d-42ee-46ec-b6f4-ea653d3c77c1",{"platform":"LINUX","browserName":"","platformVersion":"4.4.2","webStorageEnabled":false,"takesScreenshot":true,"javascriptEnabled":true,"databaseEnabled":false,"networkConnectionEnabled":true,"locationContextEnabled":false,"warnings":{},"desired":{"browserName":"","appium-version":"1.6","platformName":"Android","platformVersion":"6.0","deviceName":"bu zhuang X","automationName":"appium","orientation":"PORTRAIT","noReset":false,"log":"g:\\Project\\wl\\appium\\server\\appiumLog.log","logLevel":"debug","logTimeStamp":true,"deviceReadyTimeout":5,"udid":"127.0.0.1:62001","newCommandTimeout":25,"androidDeviceReadyTimeout":25,"appPackage":"com.huawei.espacev2","appActivity":"com.huawei.espace.module.login.ui.LoginActivity"},"appium-version":"1.6","platformName":"Android","deviceName":"127.0.0.1:62001","automationName":"appium","orientation":"PORTRAIT","noReset":false,"log":"g:\\Project\\wl\\appium\\server\\appiumLog.log","logLevel":"debug","logTimeStamp":true,"deviceReadyTimeout":5,"udid":"127.0.0.1:62001","newCommandTimeout":25,"androidDeviceReadyTimeout":25,"appPackage":"com.huawei.espacev2","appActivity":"com.huawei.espace.module.login.ui.LoginActivity"} 
 
 2018-1-25 20:51:59  [33mCALL[39m 
 [90msetImplicitWaitTimeout(5000)[39m 
 undefined 
 
 2018-1-25 20:51:59  [35mPOST[39m 
 /session/:sessionID/timeouts/implicit_wait 
 
 2018-1-25 20:51:59  
 [36m
Driving the web on session: 3b76923d-42ee-46ec-b6f4-ea653d3c77c1
[39m 
 
 2018-1-25 20:51:59  [33mRESPONSE[39m 
 [90msetImplicitWaitTimeout(5000)[39m 
  
 
 2018-1-25 20:51:59  [33mCALL[39m 
 [90melementById("com.huawei.espacev2:id/username")[39m 
 undefined 
 
 2018-1-25 20:51:59  [35mPOST[39m 
 /session/:sessionID/element 
 
 2018-1-25 20:51:59  [33mRESPONSE[39m 
 [90melementById("com.huawei.espacev2:id/username")[39m 
 {"ELEMENT":"1"} 
 
 2018-1-25 20:51:59  [33mCALL[39m 
 [90melement.tap()[39m 
 undefined 
 
 2018-1-25 20:51:59  [35mPOST[39m 
 /session/:sessionID/touch/click 
 
 2018-1-25 20:51:59  [33mRESPONSE[39m 
 [90melement.tap()[39m 
  
 
 2018-1-25 20:51:59  [33mCALL[39m 
 [90melement.clear()[39m 
 undefined 
 
 2018-1-25 20:51:59  [35mPOST[39m 
 /session/:sessionID/element/1/clear 
 
 2018-1-25 20:51:59  [33mRESPONSE[39m 
 [90melement.clear()[39m 
  
 
 2018-1-25 20:51:59  [33mCALL[39m 
 [90melement.type("zwx492293")[39m 
 undefined 
 
 2018-1-25 20:51:59  [35mPOST[39m 
 /session/:sessionID/element/1/value 
 
 2018-1-25 20:51:59  [33mRESPONSE[39m 
 [90melement.type("zwx492293")[39m 
  
 
 2018-1-25 20:51:59  [33mCALL[39m 
 [90melementById("com.huawei.espacev2:id/password")[39m 
 undefined 
 
 2018-1-25 20:51:59  [35mPOST[39m 
 /session/:sessionID/element 
 
 2018-1-25 20:51:59  [33mRESPONSE[39m 
 [90melementById("com.huawei.espacev2:id/password")[39m 
 {"ELEMENT":"2"} 
 
 2018-1-25 20:51:59  [33mCALL[39m 
 [90melement.tap()[39m 
 undefined 
 
 2018-1-25 20:51:59  [35mPOST[39m 
 /session/:sessionID/touch/click 
 
 2018-1-25 20:51:59  [33mRESPONSE[39m 
 [90melement.tap()[39m 
  
 
 2018-1-25 20:51:59  [33mCALL[39m 
 [90melement.clear()[39m 
 undefined 
 
 2018-1-25 20:51:59  [35mPOST[39m 
 /session/:sessionID/element/2/clear 
 
 2018-1-25 20:51:59  [33mRESPONSE[39m 
 [90melement.clear()[39m 
  
 
 2018-1-25 20:51:59  [33mCALL[39m 
 [90melement.type("zsjkl_3207234")[39m 
 undefined 
 
 2018-1-25 20:51:59  [35mPOST[39m 
 /session/:sessionID/element/2/value 
 
 2018-1-25 20:51:59  [33mRESPONSE[39m 
 [90melement.type("zsjkl_3207234")[39m 
  
 
 2018-1-25 20:51:59  [33mCALL[39m 
 [90melementById("com.huawei.espacev2:id/login")[39m 
 undefined 
 
 2018-1-25 20:51:59  [35mPOST[39m 
 /session/:sessionID/element 
 
 2018-1-25 20:51:59  [33mRESPONSE[39m 
 [90melementById("com.huawei.espacev2:id/login")[39m 
 {"ELEMENT":"3"} 
 
 2018-1-25 20:51:59  [33mCALL[39m 
 [90melement.tap()[39m 
 undefined 
 
 2018-1-25 20:51:59  [35mPOST[39m 
 /session/:sessionID/touch/click 
 
 2018-1-25 20:51:59  [33mRESPONSE[39m 
 [90melement.tap()[39m 
  
 
 2018-1-25 20:51:59  [33mCALL[39m 
 [90mwaitForElementById("com.huawei.espacev2:id/dialog_single_button",10000)[39m 
 undefined 
 
 2018-1-25 20:51:59  [33mCALL[39m 
 [90melements("id","com.huawei.espacev2:id/dialog_single_button")[39m 
 undefined 
 
 2018-1-25 20:51:59  [35mPOST[39m 
 /session/:sessionID/elements 
 
 2018-1-25 20:51:59  [33mRESPONSE[39m 
 [90melements("id","com.huawei.espacev2:id/dialog_single_button")[39m 
 [{"ELEMENT":"4"}] 
 
 2018-1-25 20:51:59  [33mRESPONSE[39m 
 [90mwaitForElementById("com.huawei.espacev2:id/dialog_single_button",10000)[39m 
 {"ELEMENT":"4"} 
 
 2018-1-25 20:51:59  [33mCALL[39m 
 [90melementById("com.huawei.espacev2:id/dialog_single_button")[39m 
 undefined 
 
 2018-1-25 20:51:59  [35mPOST[39m 
 /session/:sessionID/element 
 
 2018-1-25 20:51:59  [33mRESPONSE[39m 
 [90melementById("com.huawei.espacev2:id/dialog_single_button")[39m 
 {"ELEMENT":"5"} 
 
 2018-1-25 20:51:59  [33mCALL[39m 
 [90melement.tap()[39m 
 undefined 
 
 2018-1-25 20:51:59  [35mPOST[39m 
 /session/:sessionID/touch/click 
 
 2018-1-25 20:51:59  [33mRESPONSE[39m 
 [90melement.tap()[39m 
  
 
 2018-1-25 20:51:59  [33mCALL[39m 
 [90mhasElementById("com.huawei.espacev2:id/add_fab")[39m 
 undefined 
 
 2018-1-25 20:51:59  [35mPOST[39m 
 /session/:sessionID/elements 
 
 2018-1-25 20:51:59  [33mRESPONSE[39m 
 [90mhasElementById("com.huawei.espacev2:id/add_fab")[39m 
 true 
 
 2018-1-25 20:51:59  [33mCALL[39m 
 [90mquit()[39m 
 undefined 
 
 2018-1-25 20:51:59  [35mDELETE[39m 
 /session/:sessionID 
 
 2018-1-25 20:51:59  [33mRESPONSE[39m 
 [90mquit()[39m 
  
 
 2018-1-25 20:58:53  [33mCALL[39m 
 [90minit({"browserName":"","appium-version":"1.6","platformName":"Android","platformVersion":"6.0","deviceName":"bu zhuang X","automationName":"appium","orientation":"PORTRAIT","noReset":false,"log":"g:\\Project\\wl\\appium\\server\\appiumLog.log","logLevel":"debug","logTimeStamp":true,"deviceReadyTimeout":5,"udid":"127.0.0.1:62001","newCommandTimeout":25,"androidDeviceReadyTimeout":25,"appPackage":"com.huawei.espacev2","appActivity":"com.huawei.espace.module.login.ui.LoginActivity"})[39m 
 undefined 
 
 2018-1-25 20:58:53  [35mPOST[39m 
 /session 
 
 2018-1-25 20:58:53  [33mRESPONSE[39m 
 [90minit({"browserName":"","appium-version":"1.6","platformName":"Android","platformVersion":"6.0","deviceName":"bu zhuang X","automationName":"appium","orientation":"PORTRAIT","noReset":false,"log":"g:\\Project\\wl\\appium\\server\\appiumLog.log","logLevel":"debug","logTimeStamp":true,"deviceReadyTimeout":5,"udid":"127.0.0.1:62001","newCommandTimeout":25,"androidDeviceReadyTimeout":25,"appPackage":"com.huawei.espacev2","appActivity":"com.huawei.espace.module.login.ui.LoginActivity"})[39m 
 "1eeb616a-ea9d-4791-a824-78f90aeecb13",{"platform":"LINUX","browserName":"","platformVersion":"4.4.2","webStorageEnabled":false,"takesScreenshot":true,"javascriptEnabled":true,"databaseEnabled":false,"networkConnectionEnabled":true,"locationContextEnabled":false,"warnings":{},"desired":{"browserName":"","appium-version":"1.6","platformName":"Android","platformVersion":"6.0","deviceName":"bu zhuang X","automationName":"appium","orientation":"PORTRAIT","noReset":false,"log":"g:\\Project\\wl\\appium\\server\\appiumLog.log","logLevel":"debug","logTimeStamp":true,"deviceReadyTimeout":5,"udid":"127.0.0.1:62001","newCommandTimeout":25,"androidDeviceReadyTimeout":25,"appPackage":"com.huawei.espacev2","appActivity":"com.huawei.espace.module.login.ui.LoginActivity"},"appium-version":"1.6","platformName":"Android","deviceName":"127.0.0.1:62001","automationName":"appium","orientation":"PORTRAIT","noReset":false,"log":"g:\\Project\\wl\\appium\\server\\appiumLog.log","logLevel":"debug","logTimeStamp":true,"deviceReadyTimeout":5,"udid":"127.0.0.1:62001","newCommandTimeout":25,"androidDeviceReadyTimeout":25,"appPackage":"com.huawei.espacev2","appActivity":"com.huawei.espace.module.login.ui.LoginActivity"} 
 
 2018-1-25 20:58:53  [33mCALL[39m 
 [90msetImplicitWaitTimeout(5000)[39m 
 undefined 
 
 2018-1-25 20:58:53  [35mPOST[39m 
 /session/:sessionID/timeouts/implicit_wait 
 
 2018-1-25 20:58:53  
 [36m
Driving the web on session: 1eeb616a-ea9d-4791-a824-78f90aeecb13
[39m 
 
 2018-1-25 20:58:53  [33mRESPONSE[39m 
 [90msetImplicitWaitTimeout(5000)[39m 
  
 
 2018-1-25 20:58:53  [33mCALL[39m 
 [90melementById("com.huawei.espacev2:id/username")[39m 
 undefined 
 
 2018-1-25 20:58:53  [35mPOST[39m 
 /session/:sessionID/element 
 
 2018-1-25 20:58:53  [33mRESPONSE[39m 
 [90melementById("com.huawei.espacev2:id/username")[39m 
 {"ELEMENT":"1"} 
 
 2018-1-25 20:58:53  [33mCALL[39m 
 [90melement.tap()[39m 
 undefined 
 
 2018-1-25 20:58:53  [35mPOST[39m 
 /session/:sessionID/touch/click 
 
 2018-1-25 20:58:53  [33mRESPONSE[39m 
 [90melement.tap()[39m 
  
 
 2018-1-25 20:58:53  [33mCALL[39m 
 [90melement.clear()[39m 
 undefined 
 
 2018-1-25 20:58:53  [35mPOST[39m 
 /session/:sessionID/element/1/clear 
 
 2018-1-25 20:58:53  [33mRESPONSE[39m 
 [90melement.clear()[39m 
  
 
 2018-1-25 20:58:53  [33mCALL[39m 
 [90melement.type("zwx492293")[39m 
 undefined 
 
 2018-1-25 20:58:53  [35mPOST[39m 
 /session/:sessionID/element/1/value 
 
 2018-1-25 20:58:53  [33mRESPONSE[39m 
 [90melement.type("zwx492293")[39m 
  
 
 2018-1-25 20:58:53  [33mCALL[39m 
 [90melementById("com.huawei.espacev2:id/password")[39m 
 undefined 
 
 2018-1-25 20:58:53  [35mPOST[39m 
 /session/:sessionID/element 
 
 2018-1-25 20:58:53  [33mRESPONSE[39m 
 [90melementById("com.huawei.espacev2:id/password")[39m 
 {"ELEMENT":"2"} 
 
 2018-1-25 20:58:53  [33mCALL[39m 
 [90melement.tap()[39m 
 undefined 
 
 2018-1-25 20:58:53  [35mPOST[39m 
 /session/:sessionID/touch/click 
 
 2018-1-25 20:58:53  [33mRESPONSE[39m 
 [90melement.tap()[39m 
  
 
 2018-1-25 20:58:53  [33mCALL[39m 
 [90melement.clear()[39m 
 undefined 
 
 2018-1-25 20:58:53  [35mPOST[39m 
 /session/:sessionID/element/2/clear 
 
 2018-1-25 20:58:53  [33mRESPONSE[39m 
 [90melement.clear()[39m 
  
 
 2018-1-25 20:58:53  [33mCALL[39m 
 [90melement.type("zsjkl_3207234")[39m 
 undefined 
 
 2018-1-25 20:58:53  [35mPOST[39m 
 /session/:sessionID/element/2/value 
 
 2018-1-25 20:58:53  [33mRESPONSE[39m 
 [90melement.type("zsjkl_3207234")[39m 
  
 
 2018-1-25 20:58:53  [33mCALL[39m 
 [90melementById("com.huawei.espacev2:id/login")[39m 
 undefined 
 
 2018-1-25 20:58:53  [35mPOST[39m 
 /session/:sessionID/element 
 
 2018-1-25 20:58:53  [33mRESPONSE[39m 
 [90melementById("com.huawei.espacev2:id/login")[39m 
 {"ELEMENT":"3"} 
 
 2018-1-25 20:58:53  [33mCALL[39m 
 [90melement.tap()[39m 
 undefined 
 
 2018-1-25 20:58:53  [35mPOST[39m 
 /session/:sessionID/touch/click 
 
 2018-1-25 20:58:53  [33mRESPONSE[39m 
 [90melement.tap()[39m 
  
 
 2018-1-25 20:58:53  [33mCALL[39m 
 [90mwaitForElementById("com.huawei.espacev2:id/dialog_single_button",10000)[39m 
 undefined 
 
 2018-1-25 20:58:53  [33mCALL[39m 
 [90melements("id","com.huawei.espacev2:id/dialog_single_button")[39m 
 undefined 
 
 2018-1-25 20:58:53  [35mPOST[39m 
 /session/:sessionID/elements 
 
 2018-1-25 20:58:53  [33mRESPONSE[39m 
 [90melements("id","com.huawei.espacev2:id/dialog_single_button")[39m 
 [{"ELEMENT":"4"}] 
 
 2018-1-25 20:58:53  [33mRESPONSE[39m 
 [90mwaitForElementById("com.huawei.espacev2:id/dialog_single_button",10000)[39m 
 {"ELEMENT":"4"} 
 
 2018-1-25 20:58:53  [33mCALL[39m 
 [90melementById("com.huawei.espacev2:id/dialog_single_button")[39m 
 undefined 
 
 2018-1-25 20:58:53  [35mPOST[39m 
 /session/:sessionID/element 
 
 2018-1-25 20:58:53  [33mRESPONSE[39m 
 [90melementById("com.huawei.espacev2:id/dialog_single_button")[39m 
 {"ELEMENT":"5"} 
 
 2018-1-25 20:58:53  [33mCALL[39m 
 [90melement.tap()[39m 
 undefined 
 
 2018-1-25 20:58:53  [35mPOST[39m 
 /session/:sessionID/touch/click 
 
 2018-1-25 20:58:53  [33mRESPONSE[39m 
 [90melement.tap()[39m 
  
 
 2018-1-25 20:58:53  [33mCALL[39m 
 [90mhasElementById("com.huawei.espacev2:id/add_fab")[39m 
 undefined 
 
 2018-1-25 20:58:53  [35mPOST[39m 
 /session/:sessionID/elements 
 
 2018-1-25 20:58:53  [33mRESPONSE[39m 
 [90mhasElementById("com.huawei.espacev2:id/add_fab")[39m 
 true 
 
 2018-1-25 20:58:53  [33mCALL[39m 
 [90mquit()[39m 
 undefined 
 
 2018-1-25 20:58:53  [35mDELETE[39m 
 /session/:sessionID 
 
 2018-1-25 20:58:53  [33mRESPONSE[39m 
 [90mquit()[39m 
  
 
 2018-1-26 9:7:51  [33mCALL[39m 
 [90minit({"browserName":"","appium-version":"1.6","platformName":"Android","platformVersion":"6.0","deviceName":"bu zhuang X","automationName":"appium","orientation":"PORTRAIT","noReset":false,"log":"G:\\Project\\wl\\appium\\server\\appiumLog.log","logLevel":"debug","logTimeStamp":true,"deviceReadyTimeout":5,"udid":"127.0.0.1:62001","newCommandTimeout":25,"androidDeviceReadyTimeout":25,"appPackage":"com.huawei.espacev2","appActivity":"com.huawei.espace.module.login.ui.LoginActivity"})[39m 
 undefined 
 
 2018-1-26 9:7:51  [35mPOST[39m 
 /session 
 
 2018-1-26 9:7:51  [33mRESPONSE[39m 
 [90minit({"browserName":"","appium-version":"1.6","platformName":"Android","platformVersion":"6.0","deviceName":"bu zhuang X","automationName":"appium","orientation":"PORTRAIT","noReset":false,"log":"G:\\Project\\wl\\appium\\server\\appiumLog.log","logLevel":"debug","logTimeStamp":true,"deviceReadyTimeout":5,"udid":"127.0.0.1:62001","newCommandTimeout":25,"androidDeviceReadyTimeout":25,"appPackage":"com.huawei.espacev2","appActivity":"com.huawei.espace.module.login.ui.LoginActivity"})[39m 
 "ed04a9a6-2ddc-4a67-ae05-4176e80344f7",{"platform":"LINUX","browserName":"","platformVersion":"4.4.2","webStorageEnabled":false,"takesScreenshot":true,"javascriptEnabled":true,"databaseEnabled":false,"networkConnectionEnabled":true,"locationContextEnabled":false,"warnings":{},"desired":{"browserName":"","appium-version":"1.6","platformName":"Android","platformVersion":"6.0","deviceName":"bu zhuang X","automationName":"appium","orientation":"PORTRAIT","noReset":false,"log":"G:\\Project\\wl\\appium\\server\\appiumLog.log","logLevel":"debug","logTimeStamp":true,"deviceReadyTimeout":5,"udid":"127.0.0.1:62001","newCommandTimeout":25,"androidDeviceReadyTimeout":25,"appPackage":"com.huawei.espacev2","appActivity":"com.huawei.espace.module.login.ui.LoginActivity"},"appium-version":"1.6","platformName":"Android","deviceName":"127.0.0.1:62001","automationName":"appium","orientation":"PORTRAIT","noReset":false,"log":"G:\\Project\\wl\\appium\\server\\appiumLog.log","logLevel":"debug","logTimeStamp":true,"deviceReadyTimeout":5,"udid":"127.0.0.1:62001","newCommandTimeout":25,"androidDeviceReadyTimeout":25,"appPackage":"com.huawei.espacev2","appActivity":"com.huawei.espace.module.login.ui.LoginActivity"} 
 
 2018-1-26 9:7:51  [33mCALL[39m 
 [90msetImplicitWaitTimeout(5000)[39m 
 undefined 
 
 2018-1-26 9:7:51  [35mPOST[39m 
 /session/:sessionID/timeouts/implicit_wait 
 
 2018-1-26 9:7:51  
 [36m
Driving the web on session: ed04a9a6-2ddc-4a67-ae05-4176e80344f7
[39m 
 
 2018-1-26 9:7:51  [33mRESPONSE[39m 
 [90msetImplicitWaitTimeout(5000)[39m 
  
 
 2018-1-26 9:7:51  [33mCALL[39m 
 [90melementById("com.huawei.espacev2:id/username")[39m 
 undefined 
 
 2018-1-26 9:7:51  [35mPOST[39m 
 /session/:sessionID/element 
 
 2018-1-26 9:7:51  [33mRESPONSE[39m 
 [90melementById("com.huawei.espacev2:id/username")[39m 
 {"ELEMENT":"1"} 
 
 2018-1-26 9:7:51  [33mCALL[39m 
 [90melement.tap()[39m 
 undefined 
 
 2018-1-26 9:7:51  [35mPOST[39m 
 /session/:sessionID/touch/click 
 
 2018-1-26 9:7:51  [33mRESPONSE[39m 
 [90melement.tap()[39m 
  
 
 2018-1-26 9:7:51  [33mCALL[39m 
 [90melement.clear()[39m 
 undefined 
 
 2018-1-26 9:7:51  [35mPOST[39m 
 /session/:sessionID/element/1/clear 
 
 2018-1-26 9:7:51  [33mRESPONSE[39m 
 [90melement.clear()[39m 
  
 
 2018-1-26 9:7:51  [33mCALL[39m 
 [90melement.type("zwx492293")[39m 
 undefined 
 
 2018-1-26 9:7:51  [35mPOST[39m 
 /session/:sessionID/element/1/value 
 
 2018-1-26 9:7:51  [33mRESPONSE[39m 
 [90melement.type("zwx492293")[39m 
  
 
 2018-1-26 9:7:51  [33mCALL[39m 
 [90melementById("com.huawei.espacev2:id/password")[39m 
 undefined 
 
 2018-1-26 9:7:51  [35mPOST[39m 
 /session/:sessionID/element 
 
 2018-1-26 9:7:51  [33mRESPONSE[39m 
 [90melementById("com.huawei.espacev2:id/password")[39m 
 {"ELEMENT":"2"} 
 
 2018-1-26 9:7:51  [33mCALL[39m 
 [90melement.tap()[39m 
 undefined 
 
 2018-1-26 9:7:51  [35mPOST[39m 
 /session/:sessionID/touch/click 
 
 2018-1-26 9:7:51  [33mRESPONSE[39m 
 [90melement.tap()[39m 
  
 
 2018-1-26 9:7:51  [33mCALL[39m 
 [90melement.clear()[39m 
 undefined 
 
 2018-1-26 9:7:51  [35mPOST[39m 
 /session/:sessionID/element/2/clear 
 
 2018-1-26 9:7:51  [33mRESPONSE[39m 
 [90melement.clear()[39m 
  
 
 2018-1-26 9:7:51  [33mCALL[39m 
 [90melement.type("zsjkl_3207234")[39m 
 undefined 
 
 2018-1-26 9:7:51  [35mPOST[39m 
 /session/:sessionID/element/2/value 
 
 2018-1-26 9:7:51  [33mRESPONSE[39m 
 [90melement.type("zsjkl_3207234")[39m 
  
 
 2018-1-26 9:7:51  [33mCALL[39m 
 [90melementById("com.huawei.espacev2:id/login")[39m 
 undefined 
 
 2018-1-26 9:7:51  [35mPOST[39m 
 /session/:sessionID/element 
 
 2018-1-26 9:7:51  [33mRESPONSE[39m 
 [90melementById("com.huawei.espacev2:id/login")[39m 
 {"ELEMENT":"3"} 
 
 2018-1-26 9:7:51  [33mCALL[39m 
 [90melement.tap()[39m 
 undefined 
 
 2018-1-26 9:7:51  [35mPOST[39m 
 /session/:sessionID/touch/click 
 
 2018-1-26 9:7:51  [33mRESPONSE[39m 
 [90melement.tap()[39m 
  
 
 2018-1-26 9:7:51  [33mCALL[39m 
 [90mwaitForElementById("com.huawei.espacev2:id/dialog_single_button",10000)[39m 
 undefined 
 
 2018-1-26 9:7:51  [33mCALL[39m 
 [90melements("id","com.huawei.espacev2:id/dialog_single_button")[39m 
 undefined 
 
 2018-1-26 9:7:51  [35mPOST[39m 
 /session/:sessionID/elements 
 
 2018-1-26 9:7:51  [33mRESPONSE[39m 
 [90melements("id","com.huawei.espacev2:id/dialog_single_button")[39m 
 [{"ELEMENT":"4"}] 
 
 2018-1-26 9:7:51  [33mRESPONSE[39m 
 [90mwaitForElementById("com.huawei.espacev2:id/dialog_single_button",10000)[39m 
 {"ELEMENT":"4"} 
 
 2018-1-26 9:7:51  [33mCALL[39m 
 [90melementById("com.huawei.espacev2:id/dialog_single_button")[39m 
 undefined 
 
 2018-1-26 9:7:51  [35mPOST[39m 
 /session/:sessionID/element 
 
 2018-1-26 9:7:51  [33mRESPONSE[39m 
 [90melementById("com.huawei.espacev2:id/dialog_single_button")[39m 
 {"ELEMENT":"5"} 
 
 2018-1-26 9:7:51  [33mCALL[39m 
 [90melement.tap()[39m 
 undefined 
 
 2018-1-26 9:7:51  [35mPOST[39m 
 /session/:sessionID/touch/click 
 
 2018-1-26 9:7:51  [33mRESPONSE[39m 
 [90melement.tap()[39m 
  
 
 2018-1-26 9:7:51  [33mCALL[39m 
 [90mhasElementById("com.huawei.espacev2:id/add_fab")[39m 
 undefined 
 
 2018-1-26 9:7:51  [35mPOST[39m 
 /session/:sessionID/elements 
 
 2018-1-26 9:7:51  [33mRESPONSE[39m 
 [90mhasElementById("com.huawei.espacev2:id/add_fab")[39m 
 true 
 
 2018-1-26 9:7:51  [33mCALL[39m 
 [90mquit()[39m 
 undefined 
 
 2018-1-26 9:7:51  [35mDELETE[39m 
 /session/:sessionID 
 
 2018-1-26 9:7:51  [33mRESPONSE[39m 
 [90mquit()[39m 
  
 
 2018-1-26 9:11:6  [33mCALL[39m 
 [90minit({"browserName":"","appium-version":"1.6","platformName":"Android","platformVersion":"6.0","deviceName":"bu zhuang X","automationName":"appium","orientation":"PORTRAIT","noReset":false,"log":"G:\\Project\\wl\\appium\\server\\appiumLog.log","logLevel":"debug","logTimeStamp":true,"deviceReadyTimeout":5,"udid":"127.0.0.1:62001","newCommandTimeout":25,"androidDeviceReadyTimeout":25,"appPackage":"com.huawei.espacev2","appActivity":"com.huawei.espace.module.login.ui.LoginActivity"})[39m 
 undefined 
 
 2018-1-26 9:11:6  [35mPOST[39m 
 /session 
 
 2018-1-26 9:11:6  [33mCALL[39m 
 [90mquit()[39m 
 undefined 
 
 2018-1-26 9:11:6  [35mDELETE[39m 
 /session 
 
 2018-1-26 9:15:39  [33mCALL[39m 
 [90minit({"browserName":"","appium-version":"1.6","platformName":"Android","platformVersion":"6.0","deviceName":"bu zhuang X","automationName":"appium","orientation":"PORTRAIT","noReset":false,"log":"G:\\Project\\wl\\appium\\server\\appiumLog.log","logLevel":"debug","logTimeStamp":true,"deviceReadyTimeout":5,"udid":"S9B4C17417011067","newCommandTimeout":25,"androidDeviceReadyTimeout":25,"appPackage":"com.huawei.espacev2","appActivity":"com.huawei.espace.module.login.ui.LoginActivity"})[39m 
 undefined 
 
 2018-1-26 9:15:39  [35mPOST[39m 
 /session 
 
 2018-1-26 9:15:39  [33mCALL[39m 
 [90mquit()[39m 
 undefined 
 
 2018-1-26 9:15:39  [35mDELETE[39m 
 /session 
 
 2018-1-26 9:15:59  [33mCALL[39m 
 [90minit({"browserName":"","appium-version":"1.6","platformName":"Android","platformVersion":"6.0","deviceName":"bu zhuang X","automationName":"appium","orientation":"PORTRAIT","noReset":false,"log":"G:\\Project\\wl\\appium\\server\\appiumLog.log","logLevel":"debug","logTimeStamp":true,"deviceReadyTimeout":5,"udid":"S9B4C17417011067","newCommandTimeout":25,"androidDeviceReadyTimeout":25,"appPackage":"com.huawei.espacev2","appActivity":"com.huawei.espace.module.login.ui.LoginActivity"})[39m 
 undefined 
 
 2018-1-26 9:15:59  [35mPOST[39m 
 /session 
 
 2018-1-26 9:15:59  [33mCALL[39m 
 [90mquit()[39m 
 undefined 
 
 2018-1-26 9:15:59  [35mDELETE[39m 
 /session 
 
 2018-1-26 9:18:35  [33mCALL[39m 
 [90minit({"browserName":"","appium-version":"1.6","platformName":"Android","platformVersion":"6.0","deviceName":"bu zhuang X","automationName":"appium","orientation":"PORTRAIT","noReset":false,"log":"G:\\Project\\wl\\appium\\server\\appiumLog.log","logLevel":"debug","logTimeStamp":true,"deviceReadyTimeout":5,"udid":"S9B4C17417011067","newCommandTimeout":25,"androidDeviceReadyTimeout":25,"appPackage":"com.huawei.espacev2","appActivity":"com.huawei.espace.module.login.ui.LoginActivity"})[39m 
 undefined 
 
 2018-1-26 9:18:35  [35mPOST[39m 
 /session 
 
 2018-1-26 9:18:35  [33mCALL[39m 
 [90mquit()[39m 
 undefined 
 
 2018-1-26 9:18:35  [35mDELETE[39m 
 /session 
 
 2018-1-26 9:20:35  [33mCALL[39m 
 [90minit({"browserName":"","appium-version":"1.6","platformName":"Android","platformVersion":"6.0","deviceName":"bu zhuang X","automationName":"appium","orientation":"PORTRAIT","noReset":false,"log":"G:\\Project\\wl\\appium\\server\\appiumLog.log","logLevel":"debug","logTimeStamp":true,"deviceReadyTimeout":5,"udid":"S9B4C17417011067","newCommandTimeout":25,"androidDeviceReadyTimeout":25,"appPackage":"com.huawei.espacev2","appActivity":"com.huawei.espace.module.login.ui.LoginActivity"})[39m 
 undefined 
 
 2018-1-26 9:20:35  [35mPOST[39m 
 /session 
 
 2018-1-26 9:20:35  [33mCALL[39m 
 [90mquit()[39m 
 undefined 
 
 2018-1-26 9:20:35  [35mDELETE[39m 
 /session 
 
 2018-1-26 9:23:32  [33mCALL[39m 
 [90minit({"browserName":"","appium-version":"1.6","platformName":"Android","platformVersion":"6.0","deviceName":"bu zhuang X","automationName":"appium","orientation":"PORTRAIT","noReset":false,"log":"G:\\Project\\wl\\appium\\server\\appiumLog.log","logLevel":"debug","logTimeStamp":true,"deviceReadyTimeout":5,"udid":"S9B4C17417011067","newCommandTimeout":25,"androidDeviceReadyTimeout":25,"appPackage":"com.huawei.espacev2","appActivity":"com.huawei.espace.module.login.ui.LoginActivity"})[39m 
 undefined 
 
 2018-1-26 9:23:32  [35mPOST[39m 
 /session 
 
 2018-1-26 9:23:32  [33mCALL[39m 
 [90mquit()[39m 
 undefined 
 
 2018-1-26 9:23:32  [35mDELETE[39m 
 /session 
 
 2018-1-26 9:27:20  [33mCALL[39m 
 [90minit({"browserName":"","appium-version":"1.4.16.1","platformName":"Android","platformVersion":"7.0","deviceName":"bu zhuang X","automationName":"appium","orientation":"PORTRAIT","noReset":false,"log":"g:\\Project\\wl\\appium\\server\\appiumLog.log","logLevel":"debug","logTimeStamp":true,"deviceReadyTimeout":5,"udid":"S9B4C17417011067","newCommandTimeout":25,"androidDeviceReadyTimeout":25,"appPackage":"com.huawei.espacev2","appActivity":"com.huawei.espace.module.login.ui.LoginActivity"})[39m 
 undefined 
 
 2018-1-26 9:27:20  [35mPOST[39m 
 /session 
 
 2018-1-26 9:27:20  [33mCALL[39m 
 [90mquit()[39m 
 undefined 
 
 2018-1-26 9:27:20  [35mDELETE[39m 
 /session 
 
 2018-1-26 9:29:0  [33mCALL[39m 
 [90minit({"browserName":"","appium-version":"1.4.16.1","platformName":"Android","platformVersion":"7.0","deviceName":"bu zhuang X","automationName":"appium","orientation":"PORTRAIT","noReset":false,"log":"g:\\Project\\wl\\appium\\server\\appiumLog.log","logLevel":"debug","logTimeStamp":true,"deviceReadyTimeout":5,"udid":"S9B4C17417011067","newCommandTimeout":25,"androidDeviceReadyTimeout":25,"appPackage":"com.huawei.espacev2","appActivity":"com.huawei.espace.module.login.ui.LoginActivity"})[39m 
 undefined 
 
 2018-1-26 9:29:0  [35mPOST[39m 
 /session 
 
 2018-1-26 9:29:0  [33mCALL[39m 
 [90mquit()[39m 
 undefined 
 
 2018-1-26 9:29:0  [35mDELETE[39m 
 /session 
 
 2018-1-26 9:30:35  [33mCALL[39m 
 [90minit({"browserName":"","appium-version":"1.4.16.1","platformName":"Android","platformVersion":"7.0","deviceName":"bu zhuang X","automationName":"appium","orientation":"PORTRAIT","noReset":false,"log":"g:\\Project\\wl\\appium\\server\\appiumLog.log","logLevel":"debug","logTimeStamp":true,"deviceReadyTimeout":5,"udid":"S9B4C17417011067","newCommandTimeout":25,"androidDeviceReadyTimeout":25,"appPackage":"com.huawei.espacev2","appActivity":"com.huawei.espace.module.login.ui.LoginActivity"})[39m 
 undefined 
 
 2018-1-26 9:30:35  [35mPOST[39m 
 /session 
 
 2018-1-26 9:30:35  [33mCALL[39m 
 [90mquit()[39m 
 undefined 
 
 2018-1-26 9:30:35  [35mDELETE[39m 
 /session 
 
 2018-1-26 9:32:9  [33mCALL[39m 
 [90minit({"browserName":"","appium-version":"1.4.16.1","platformName":"Android","platformVersion":"7.0","deviceName":"bu zhuang X","automationName":"appium","orientation":"PORTRAIT","noReset":false,"log":"g:\\Project\\wl\\appium\\server\\appiumLog.log","logLevel":"debug","logTimeStamp":true,"deviceReadyTimeout":5,"exported":true,"udid":"S9B4C17417011067","newCommandTimeout":25,"androidDeviceReadyTimeout":25,"appPackage":"com.huawei.espacev2","appActivity":"com.huawei.espace.module.login.ui.LoginActivity"})[39m 
 undefined 
 
 2018-1-26 9:32:9  [35mPOST[39m 
 /session 
 
 2018-1-26 9:32:9  [33mCALL[39m 
 [90mquit()[39m 
 undefined 
 
 2018-1-26 9:32:9  [35mDELETE[39m 
 /session 
 
 2018-1-26 9:34:26  [33mCALL[39m 
 [90minit({"browserName":"","appium-version":"1.4.16.1","platformName":"Android","platformVersion":"7.0","deviceName":"bu zhuang X","automationName":"appium","orientation":"PORTRAIT","noReset":false,"log":"g:\\Project\\wl\\appium\\server\\appiumLog.log","logLevel":"debug","logTimeStamp":true,"deviceReadyTimeout":5,"exported":true,"udid":"S9B4C17417011067","newCommandTimeout":25,"androidDeviceReadyTimeout":25,"appPackage":"com.huawei.espacev2","appActivity":"com.huawei.espace.module.login.ui.LoginActivity"})[39m 
 undefined 
 
 2018-1-26 9:34:26  [35mPOST[39m 
 /session 
 
 2018-1-26 9:34:26  [33mCALL[39m 
 [90mquit()[39m 
 undefined 
 
 2018-1-26 9:34:26  [35mDELETE[39m 
 /session 
 
 2018-1-26 9:35:42  [33mCALL[39m 
 [90minit({"browserName":"","appium-version":"1.4.16.1","platformName":"Android","platformVersion":"7.0","deviceName":"bu zhuang X","automationName":"appium","orientation":"PORTRAIT","noReset":false,"log":"g:\\Project\\wl\\appium\\server\\appiumLog.log","logLevel":"debug","logTimeStamp":true,"deviceReadyTimeout":5,"exported":true,"udid":"S9B4C17417011067","newCommandTimeout":25,"androidDeviceReadyTimeout":25,"appPackage":"com.huawei.espacev2","appActivity":"com.huawei.espace.module.login.ui.LoginActivity"})[39m 
 undefined 
 
 2018-1-26 9:35:42  [35mPOST[39m 
 /session 
 
 2018-1-26 9:35:42  [33mCALL[39m 
 [90mquit()[39m 
 undefined 
 
 2018-1-26 9:35:42  [35mDELETE[39m 
 /session 
 
 2018-1-26 9:36:56  [33mCALL[39m 
 [90minit({"browserName":"","appium-version":"1.4.16.1","platformName":"Android","platformVersion":"7.0","deviceName":"S9B4C17417011067","automationName":"appium","orientation":"PORTRAIT","noReset":false,"log":"g:\\Project\\wl\\appium\\server\\appiumLog.log","logLevel":"debug","logTimeStamp":true,"deviceReadyTimeout":5,"exported":true,"udid":"S9B4C17417011067","newCommandTimeout":25,"androidDeviceReadyTimeout":25,"appPackage":"com.huawei.espacev2","appActivity":"com.huawei.espace.module.login.ui.LoginActivity"})[39m 
 undefined 
 
 2018-1-26 9:36:56  [35mPOST[39m 
 /session 
 
 2018-1-26 9:36:56  [33mCALL[39m 
 [90mquit()[39m 
 undefined 
 
 2018-1-26 9:36:56  [35mDELETE[39m 
 /session 
 
 2018-1-26 9:37:58  [33mCALL[39m 
 [90minit({"browserName":"","appium-version":"1.4.16.1","platformName":"Android","platformVersion":"7.0","deviceName":"bu zhuang X","automationName":"appium","orientation":"PORTRAIT","noReset":false,"log":"g:\\Project\\wl\\appium\\server\\appiumLog.log","logLevel":"debug","logTimeStamp":true,"deviceReadyTimeout":5,"exported":true,"udid":"S9B4C17417011067","newCommandTimeout":25,"androidDeviceReadyTimeout":25,"appPackage":"com.huawei.espacev2","appActivity":"com.huawei.espace.module.login.ui.LoginActivity"})[39m 
 undefined 
 
 2018-1-26 9:37:58  [35mPOST[39m 
 /session 
 
 2018-1-26 9:37:58  [33mCALL[39m 
 [90mquit()[39m 
 undefined 
 
 2018-1-26 9:37:58  [35mDELETE[39m 
 /session 
 
 2018-1-26 14:22:19  [33mCALL[39m 
 [90minit({"browserName":"","appium-version":"1.4.16.1","platformName":"Android","platformVersion":"7.0","deviceName":"bu zhuang X","automationName":"appium","orientation":"PORTRAIT","noReset":false,"log":"G:\\Project\\wl\\appium\\server\\appiumLog.log","logLevel":"debug","logTimeStamp":true,"deviceReadyTimeout":5,"exported":true,"udid":"S9B4C17417011067","newCommandTimeout":25,"androidDeviceReadyTimeout":25,"appPackage":"com.huawei.espacev2","appActivity":"com.huawei.espace.module.login.ui.LoginActivity"})[39m 
 undefined 
 
 2018-1-26 14:22:19  [35mPOST[39m 
 /session 
 
 2018-1-26 14:22:19  [33mCALL[39m 
 [90mquit()[39m 
 undefined 
 
 2018-1-26 14:22:19  [35mDELETE[39m 
 /session 
 
 2018-1-26 14:25:9  [33mCALL[39m 
 [90minit({"browserName":"huaweiespace","appium-version":"1.4.16","platformName":"Android","platformVersion":"7.0","deviceName":"bu zhuang X","noReset":"true","appPackage":"com.huawei.weLinkSoftCilent","appWaitActivity":"com.huawei.weLink.WeLinkActivity","appActivity":"com.huawei.weLink.WeLinkActivity"})[39m 
 undefined 
 
 2018-1-26 14:25:9  [35mPOST[39m 
 /session 
 
 2018-1-26 14:25:9  [33mCALL[39m 
 [90mquit()[39m 
 undefined 
 
 2018-1-26 14:25:9  [35mDELETE[39m 
 /session 
 
 2018-1-26 14:27:2  [33mCALL[39m 
 [90minit({"browserName":"huaweiespace","appium-version":"1.4.16","platformName":"Android","platformVersion":"7.0","deviceName":"bu zhuang X","noReset":"true","appPackage":"com.huawei.weLinkSoftClient","appWaitActivity":"com.huawei.weLink.WeLinkActivity","appActivity":"com.huawei.weLink.WeLinkActivity"})[39m 
 undefined 
 
 2018-1-26 14:27:2  [35mPOST[39m 
 /session 
 
 2018-1-26 14:27:2  [33mRESPONSE[39m 
 [90minit({"browserName":"huaweiespace","appium-version":"1.4.16","platformName":"Android","platformVersion":"7.0","deviceName":"bu zhuang X","noReset":"true","appPackage":"com.huawei.weLinkSoftClient","appWaitActivity":"com.huawei.weLink.WeLinkActivity","appActivity":"com.huawei.weLink.WeLinkActivity"})[39m 
 "cb884a92-ec00-4a4b-a9b9-94b71fd5fab3",{"platform":"LINUX","browserName":"huaweiespace","platformVersion":"7.0","webStorageEnabled":false,"takesScreenshot":true,"javascriptEnabled":true,"databaseEnabled":false,"networkConnectionEnabled":true,"locationContextEnabled":false,"warnings":{},"desired":{"browserName":"huaweiespace","appium-version":"1.4.16","platformName":"Android","platformVersion":"7.0","deviceName":"bu zhuang X","noReset":true,"appPackage":"com.huawei.weLinkSoftClient","appWaitActivity":"com.huawei.weLink.WeLinkActivity","appActivity":"com.huawei.weLink.WeLinkActivity"},"appium-version":"1.4.16","platformName":"Android","deviceName":"S9B4C17417011067","noReset":true,"appPackage":"com.huawei.weLinkSoftClient","appWaitActivity":"com.huawei.weLink.WeLinkActivity","appActivity":"com.huawei.weLink.WeLinkActivity"} 
 
 2018-1-26 14:27:2  [33mCALL[39m 
 [90msleep(10000)[39m 
 undefined 
 
 2018-1-26 14:27:2  
 [36m
Driving the web on session: cb884a92-ec00-4a4b-a9b9-94b71fd5fab3
[39m 
 
 2018-1-26 14:27:2  [33mRESPONSE[39m 
 [90msleep(10000)[39m 
  
 
 2018-1-26 14:27:2  [33mCALL[39m 
 [90melementByXPath("//android.webkit.WebView/android.view.View/android.view.View[2]")[39m 
 undefined 
 
 2018-1-26 14:27:2  [35mPOST[39m 
 /session/:sessionID/element 
 
 2018-1-26 14:27:2  [33mCALL[39m 
 [90mquit()[39m 
 undefined 
 
 2018-1-26 14:27:2  [35mDELETE[39m 
 /session/:sessionID 
 
 2018-1-26 14:38:42  [33mCALL[39m 
 [90minit({"browserName":"huaweiespace","appium-version":"1.4.16","platformName":"Android","platformVersion":"7.0","deviceName":"bu zhuang X","noReset":"true","appPackage":"com.huawei.weLinkSoftClient","appWaitActivity":"com.huawei.weLink.WeLinkActivity","appActivity":"com.huawei.weLink.WeLinkActivity"})[39m 
 undefined 
 
 2018-1-26 14:38:42  [35mPOST[39m 
 /session 
 
 2018-1-26 14:38:42  [33mCALL[39m 
 [90mquit()[39m 
 undefined 
 
 2018-1-26 14:38:42  [35mDELETE[39m 
 /session 
 
 2018-1-26 14:39:10  [33mCALL[39m 
 [90minit({"browserName":"huaweiespace","appium-version":"1.4.16","platformName":"Android","platformVersion":"7.0","deviceName":"bu zhuang X","noReset":"true","appPackage":"com.huawei.weLinkSoftClient","appWaitActivity":"com.huawei.weLink.WeLinkActivity","appActivity":"com.huawei.weLink.WeLinkActivity"})[39m 
 undefined 
 
 2018-1-26 14:39:10  [35mPOST[39m 
 /session 
 
 2018-1-26 14:39:10  [33mCALL[39m 
 [90mquit()[39m 
 undefined 
 
 2018-1-26 14:39:10  [35mDELETE[39m 
 /session 
 
 2018-1-26 14:39:40  [33mCALL[39m 
 [90minit({"browserName":"huaweiespace","appium-version":"1.4.16","platformName":"Android","platformVersion":"7.0","deviceName":"bu zhuang X","noReset":"true","appPackage":"com.huawei.weLinkSoftClient","appWaitActivity":"com.huawei.weLink.WeLinkActivity","appActivity":"com.huawei.weLink.WeLinkActivity"})[39m 
 undefined 
 
 2018-1-26 14:39:40  [35mPOST[39m 
 /session 
 
 2018-1-26 14:39:40  [33mCALL[39m 
 [90mquit()[39m 
 undefined 
 
 2018-1-26 14:39:40  [35mDELETE[39m 
 /session 
 
 2018-1-26 14:40:51  [33mCALL[39m 
 [90minit({"browserName":"huaweiespace","appium-version":"1.4.16","platformName":"Android","platformVersion":"7.0","deviceName":"bu zhuang X","noReset":"true","appPackage":"com.huawei.weLinkSoftClient","appWaitActivity":"com.huawei.weLink.WeLinkActivity","appActivity":"com.huawei.weLink.WeLinkActivity"})[39m 
 undefined 
 
 2018-1-26 14:40:51  [35mPOST[39m 
 /session 
 
 2018-1-26 14:40:51  [33mCALL[39m 
 [90mquit()[39m 
 undefined 
 
 2018-1-26 14:40:51  [35mDELETE[39m 
 /session 
 
 2018-1-26 14:41:24  [33mCALL[39m 
 [90minit({"browserName":"huaweiespace","appium-version":"1.4.16","platformName":"Android","platformVersion":"7.0","deviceName":"bu zhuang X","noReset":"true","appPackage":"com.huawei.weLinkSoftClient","appWaitActivity":"com.huawei.weLink.WeLinkActivity","appActivity":"com.huawei.weLink.WeLinkActivity"})[39m 
 undefined 
 
 2018-1-26 14:41:24  [35mPOST[39m 
 /session 
 
 2018-1-26 14:41:24  [33mCALL[39m 
 [90mquit()[39m 
 undefined 
 
 2018-1-26 14:41:24  [35mDELETE[39m 
 /session 
 
 2018-1-26 14:41:46  [33mCALL[39m 
 [90minit({"browserName":"huaweiespace","appium-version":"1.4.16","platformName":"Android","platformVersion":"7.0","deviceName":"bu zhuang X","noReset":"true","appPackage":"com.huawei.weLinkSoftClient","appWaitActivity":"com.huawei.weLink.WeLinkActivity","appActivity":"com.huawei.weLink.WeLinkActivity"})[39m 
 undefined 
 
 2018-1-26 14:41:46  [35mPOST[39m 
 /session 
 
 2018-1-26 14:41:46  [33mRESPONSE[39m 
 [90minit({"browserName":"huaweiespace","appium-version":"1.4.16","platformName":"Android","platformVersion":"7.0","deviceName":"bu zhuang X","noReset":"true","appPackage":"com.huawei.weLinkSoftClient","appWaitActivity":"com.huawei.weLink.WeLinkActivity","appActivity":"com.huawei.weLink.WeLinkActivity"})[39m 
 "67f95f4f-9689-425e-94ff-b31640e9b188",{"platform":"LINUX","browserName":"huaweiespace","platformVersion":"7.0","webStorageEnabled":false,"takesScreenshot":true,"javascriptEnabled":true,"databaseEnabled":false,"networkConnectionEnabled":true,"locationContextEnabled":false,"warnings":{},"desired":{"browserName":"huaweiespace","appium-version":"1.4.16","platformName":"Android","platformVersion":"7.0","deviceName":"bu zhuang X","noReset":true,"appPackage":"com.huawei.weLinkSoftClient","appWaitActivity":"com.huawei.weLink.WeLinkActivity","appActivity":"com.huawei.weLink.WeLinkActivity"},"appium-version":"1.4.16","platformName":"Android","deviceName":"S9B4C17417011067","noReset":true,"appPackage":"com.huawei.weLinkSoftClient","appWaitActivity":"com.huawei.weLink.WeLinkActivity","appActivity":"com.huawei.weLink.WeLinkActivity"} 
 
 2018-1-26 14:41:46  [33mCALL[39m 
 [90msleep(10000)[39m 
 undefined 
 
 2018-1-26 14:41:46  
 [36m
Driving the web on session: 67f95f4f-9689-425e-94ff-b31640e9b188
[39m 
 
 2018-1-26 14:41:46  [33mRESPONSE[39m 
 [90msleep(10000)[39m 
  
 
 2018-1-26 14:41:46  [33mCALL[39m 
 [90melementByXPath("//android.webkit.WebView/android.view.View/android.view.View[2]")[39m 
 undefined 
 
 2018-1-26 14:41:46  [35mPOST[39m 
 /session/:sessionID/element 
 
 2018-1-26 15:0:10  [33mCALL[39m 
 [90minit({"browserName":"huaweiespace","appium-version":"1.4.16","platformName":"Android","platformVersion":"7.0","deviceName":"bu zhuang X","noReset":"true","appPackage":"com.huawei.weLinkSoftClient","appWaitActivity":"com.huawei.weLink.WeLinkActivity","appActivity":"com.huawei.weLink.WeLinkActivity"})[39m 
 undefined 
 
 2018-1-26 15:0:10  [35mPOST[39m 
 /session 
 
 2018-1-26 15:0:10  [33mRESPONSE[39m 
 [90minit({"browserName":"huaweiespace","appium-version":"1.4.16","platformName":"Android","platformVersion":"7.0","deviceName":"bu zhuang X","noReset":"true","appPackage":"com.huawei.weLinkSoftClient","appWaitActivity":"com.huawei.weLink.WeLinkActivity","appActivity":"com.huawei.weLink.WeLinkActivity"})[39m 
 "37cbcb35-ac31-4e51-a609-bb459a8098e9",{"platform":"LINUX","browserName":"huaweiespace","platformVersion":"7.0","webStorageEnabled":false,"takesScreenshot":true,"javascriptEnabled":true,"databaseEnabled":false,"networkConnectionEnabled":true,"locationContextEnabled":false,"warnings":{},"desired":{"browserName":"huaweiespace","appium-version":"1.4.16","platformName":"Android","platformVersion":"7.0","deviceName":"bu zhuang X","noReset":true,"appPackage":"com.huawei.weLinkSoftClient","appWaitActivity":"com.huawei.weLink.WeLinkActivity","appActivity":"com.huawei.weLink.WeLinkActivity"},"appium-version":"1.4.16","platformName":"Android","deviceName":"S9B4C17417011067","noReset":true,"appPackage":"com.huawei.weLinkSoftClient","appWaitActivity":"com.huawei.weLink.WeLinkActivity","appActivity":"com.huawei.weLink.WeLinkActivity"} 
 
 2018-1-26 15:0:10  [33mCALL[39m 
 [90msleep(10000)[39m 
 undefined 
 
 2018-1-26 15:0:10  
 [36m
Driving the web on session: 37cbcb35-ac31-4e51-a609-bb459a8098e9
[39m 
 
 2018-1-26 15:0:10  [33mRESPONSE[39m 
 [90msleep(10000)[39m 
  
 
 2018-1-26 15:0:10  [33mCALL[39m 
 [90melementByAccessibilityId("登录设置")[39m 
 undefined 
 
 2018-1-26 15:0:10  [35mPOST[39m 
 /session/:sessionID/element 
 
 2018-1-26 15:0:10  [33mCALL[39m 
 [90mquit()[39m 
 undefined 
 
 2018-1-26 15:0:10  [35mDELETE[39m 
 /session/:sessionID 
 
 2018-1-26 15:0:10  [33mRESPONSE[39m 
 [90mquit()[39m 
  
 
 2018-1-26 15:3:54  [33mCALL[39m 
 [90minit({"browserName":"huaweiespace","appium-version":"1.4.16","platformName":"Android","platformVersion":"7.0","deviceName":"bu zhuang X","noReset":"true","appPackage":"com.huawei.weLinkSoftClient","appWaitActivity":"com.huawei.weLink.WeLinkActivity","appActivity":"com.huawei.weLink.WeLinkActivity"})[39m 
 undefined 
 
 2018-1-26 15:3:54  [35mPOST[39m 
 /session 
 
 2018-1-26 15:3:54  [33mRESPONSE[39m 
 [90minit({"browserName":"huaweiespace","appium-version":"1.4.16","platformName":"Android","platformVersion":"7.0","deviceName":"bu zhuang X","noReset":"true","appPackage":"com.huawei.weLinkSoftClient","appWaitActivity":"com.huawei.weLink.WeLinkActivity","appActivity":"com.huawei.weLink.WeLinkActivity"})[39m 
 "2fafe952-a851-44af-9f9f-119c59a0b154",{"platform":"LINUX","browserName":"huaweiespace","platformVersion":"7.0","webStorageEnabled":false,"takesScreenshot":true,"javascriptEnabled":true,"databaseEnabled":false,"networkConnectionEnabled":true,"locationContextEnabled":false,"warnings":{},"desired":{"browserName":"huaweiespace","appium-version":"1.4.16","platformName":"Android","platformVersion":"7.0","deviceName":"bu zhuang X","noReset":true,"appPackage":"com.huawei.weLinkSoftClient","appWaitActivity":"com.huawei.weLink.WeLinkActivity","appActivity":"com.huawei.weLink.WeLinkActivity"},"appium-version":"1.4.16","platformName":"Android","deviceName":"S9B4C17417011067","noReset":true,"appPackage":"com.huawei.weLinkSoftClient","appWaitActivity":"com.huawei.weLink.WeLinkActivity","appActivity":"com.huawei.weLink.WeLinkActivity"} 
 
 2018-1-26 15:3:54  [33mCALL[39m 
 [90msleep(15000)[39m 
 undefined 
 
 2018-1-26 15:3:54  
 [36m
Driving the web on session: 2fafe952-a851-44af-9f9f-119c59a0b154
[39m 
 
 2018-1-26 15:3:54  [33mRESPONSE[39m 
 [90msleep(15000)[39m 
  
 
 2018-1-26 15:3:54  [33mCALL[39m 
 [90melementByAccessibilityId("登录设置")[39m 
 undefined 
 
 2018-1-26 15:3:54  [35mPOST[39m 
 /session/:sessionID/element 
 
 2018-1-26 15:3:54  [33mCALL[39m 
 [90mquit()[39m 
 undefined 
 
 2018-1-26 15:3:54  [35mDELETE[39m 
 /session/:sessionID 
 
 2018-1-26 15:3:54  [33mRESPONSE[39m 
 [90mquit()[39m 
  
 
 2018-1-26 15:6:47  [33mCALL[39m 
 [90minit({"browserName":"huaweiespace","appium-version":"1.4.16","platformName":"Android","platformVersion":"7.0","deviceName":"bu zhuang X","noReset":"true","appPackage":"com.huawei.weLinkSoftClient","appWaitActivity":"com.huawei.weLink.WeLinkActivity","appActivity":"com.huawei.weLink.WeLinkActivity"})[39m 
 undefined 
 
 2018-1-26 15:6:47  [35mPOST[39m 
 /session 
 
 2018-1-26 15:6:47  [33mRESPONSE[39m 
 [90minit({"browserName":"huaweiespace","appium-version":"1.4.16","platformName":"Android","platformVersion":"7.0","deviceName":"bu zhuang X","noReset":"true","appPackage":"com.huawei.weLinkSoftClient","appWaitActivity":"com.huawei.weLink.WeLinkActivity","appActivity":"com.huawei.weLink.WeLinkActivity"})[39m 
 "b5b6830a-97c8-42d7-80da-854d2b351bd7",{"platform":"LINUX","browserName":"huaweiespace","platformVersion":"7.0","webStorageEnabled":false,"takesScreenshot":true,"javascriptEnabled":true,"databaseEnabled":false,"networkConnectionEnabled":true,"locationContextEnabled":false,"warnings":{},"desired":{"browserName":"huaweiespace","appium-version":"1.4.16","platformName":"Android","platformVersion":"7.0","deviceName":"bu zhuang X","noReset":true,"appPackage":"com.huawei.weLinkSoftClient","appWaitActivity":"com.huawei.weLink.WeLinkActivity","appActivity":"com.huawei.weLink.WeLinkActivity"},"appium-version":"1.4.16","platformName":"Android","deviceName":"S9B4C17417011067","noReset":true,"appPackage":"com.huawei.weLinkSoftClient","appWaitActivity":"com.huawei.weLink.WeLinkActivity","appActivity":"com.huawei.weLink.WeLinkActivity"} 
 
 2018-1-26 15:6:47  [33mCALL[39m 
 [90msleep(15000)[39m 
 undefined 
 
 2018-1-26 15:6:47  
 [36m
Driving the web on session: b5b6830a-97c8-42d7-80da-854d2b351bd7
[39m 
 
 2018-1-26 15:6:47  [33mRESPONSE[39m 
 [90msleep(15000)[39m 
  
 
 2018-1-26 15:6:47  [33mCALL[39m 
 [90melementByAccessibilityId("登录设置")[39m 
 undefined 
 
 2018-1-26 15:6:47  [35mPOST[39m 
 /session/:sessionID/element 
 
 2018-1-26 15:6:47  [33mCALL[39m 
 [90mquit()[39m 
 undefined 
 
 2018-1-26 15:6:47  [35mDELETE[39m 
 /session/:sessionID 
 
 2018-1-26 15:6:47  [33mRESPONSE[39m 
 [90mquit()[39m 
  
 
 2018-1-26 15:7:37  [33mCALL[39m 
 [90minit({"browserName":"","appium-version":"1.4.16.1","platformName":"Android","platformVersion":"7.0","deviceName":"bu zhuang X","automationName":"appium","orientation":"PORTRAIT","noReset":false,"log":"g:\\Project\\wl\\appium\\server\\appiumLog.log","logLevel":"debug","logTimeStamp":true,"deviceReadyTimeout":5,"exported":true,"udid":"S9B4C17417011067","newCommandTimeout":25,"androidDeviceReadyTimeout":25,"appPackage":"com.huawei.espacev2","appActivity":"com.huawei.espace.module.login.ui.LoginActivity"})[39m 
 undefined 
 
 2018-1-26 15:7:37  [35mPOST[39m 
 /session 
 
 2018-1-26 15:7:37  [33mCALL[39m 
 [90mquit()[39m 
 undefined 
 
 2018-1-26 15:7:37  [35mDELETE[39m 
 /session 
 
 2018-1-26 15:8:45  [33mCALL[39m 
 [90minit({"browserName":"","appium-version":"1.4.16.1","platformName":"Android","platformVersion":"7.0","deviceName":"bu zhuang X","automationName":"appium","orientation":"PORTRAIT","noReset":false,"log":"g:\\Project\\wl\\appium\\server\\appiumLog.log","logLevel":"debug","logTimeStamp":true,"deviceReadyTimeout":5,"exported":true,"udid":"S9B4C17417011067","newCommandTimeout":25,"androidDeviceReadyTimeout":25,"appPackage":"com.huawei.espacev2","appActivity":"com.huawei.espace.module.login.ui.LoginActivity"})[39m 
 undefined 
 
 2018-1-26 15:8:45  [35mPOST[39m 
 /session 
 
 2018-1-26 15:8:45  [33mCALL[39m 
 [90mquit()[39m 
 undefined 
 
 2018-1-26 15:8:45  [35mDELETE[39m 
 /session 
 
 2018-1-26 15:9:23  [33mCALL[39m 
 [90minit({"browserName":"","appium-version":"1.4.16.1","platformName":"Android","platformVersion":"7.0","deviceName":"bu zhuang X","automationName":"appium","orientation":"PORTRAIT","noReset":false,"log":"g:\\Project\\wl\\appium\\server\\appiumLog.log","logLevel":"debug","logTimeStamp":true,"deviceReadyTimeout":5,"exported":true,"udid":"S9B4C17417011067","newCommandTimeout":25,"androidDeviceReadyTimeout":25,"appPackage":"com.huawei.espacev2","appActivity":"com.huawei.espace.module.login.ui.LoginActivity"})[39m 
 undefined 
 
 2018-1-26 15:9:23  [35mPOST[39m 
 /session 
 
 2018-1-26 15:9:23  [33mCALL[39m 
 [90mquit()[39m 
 undefined 
 
 2018-1-26 15:9:23  [35mDELETE[39m 
 /session 
 
 2018-1-26 15:10:7  [33mCALL[39m 
 [90minit({"browserName":"huaweiespace","appium-version":"1.4.16","platformName":"Android","platformVersion":"7.0","deviceName":"bu zhuang X","noReset":"true","appPackage":"com.huawei.weLinkSoftClient","appWaitActivity":"com.huawei.weLink.WeLinkActivity","appActivity":"com.huawei.weLink.WeLinkActivity"})[39m 
 undefined 
 
 2018-1-26 15:10:7  [35mPOST[39m 
 /session 
 
 2018-1-26 15:10:7  [33mCALL[39m 
 [90mquit()[39m 
 undefined 
 
 2018-1-26 15:10:7  [35mDELETE[39m 
 /session 
 
 2018-1-26 15:10:15  [33mCALL[39m 
 [90minit({"browserName":"huaweiespace","appium-version":"1.4.16","platformName":"Android","platformVersion":"7.0","deviceName":"bu zhuang X","noReset":"true","appPackage":"com.huawei.weLinkSoftClient","appWaitActivity":"com.huawei.weLink.WeLinkActivity","appActivity":"com.huawei.weLink.WeLinkActivity"})[39m 
 undefined 
 
 2018-1-26 15:10:15  [35mPOST[39m 
 /session 
 
 2018-1-26 15:10:15  [33mRESPONSE[39m 
 [90minit({"browserName":"huaweiespace","appium-version":"1.4.16","platformName":"Android","platformVersion":"7.0","deviceName":"bu zhuang X","noReset":"true","appPackage":"com.huawei.weLinkSoftClient","appWaitActivity":"com.huawei.weLink.WeLinkActivity","appActivity":"com.huawei.weLink.WeLinkActivity"})[39m 
 "932ca2b1-3177-4e82-b8c0-ec631487e5d6",{"platform":"LINUX","browserName":"huaweiespace","platformVersion":"7.0","webStorageEnabled":false,"takesScreenshot":true,"javascriptEnabled":true,"databaseEnabled":false,"networkConnectionEnabled":true,"locationContextEnabled":false,"warnings":{},"desired":{"browserName":"huaweiespace","appium-version":"1.4.16","platformName":"Android","platformVersion":"7.0","deviceName":"bu zhuang X","noReset":true,"appPackage":"com.huawei.weLinkSoftClient","appWaitActivity":"com.huawei.weLink.WeLinkActivity","appActivity":"com.huawei.weLink.WeLinkActivity"},"appium-version":"1.4.16","platformName":"Android","deviceName":"S9B4C17417011067","noReset":true,"appPackage":"com.huawei.weLinkSoftClient","appWaitActivity":"com.huawei.weLink.WeLinkActivity","appActivity":"com.huawei.weLink.WeLinkActivity"} 
 
 2018-1-26 15:10:15  [33mCALL[39m 
 [90msleep(15000)[39m 
 undefined 
 
 2018-1-26 15:10:15  
 [36m
Driving the web on session: 932ca2b1-3177-4e82-b8c0-ec631487e5d6
[39m 
 
 2018-1-26 15:10:15  [33mRESPONSE[39m 
 [90msleep(15000)[39m 
  
 
 2018-1-26 15:10:15  [33mCALL[39m 
 [90melementByAccessibilityId("登录设置")[39m 
 undefined 
 
 2018-1-26 15:10:15  [35mPOST[39m 
 /session/:sessionID/element 
 
 2018-1-26 15:10:15  [33mCALL[39m 
 [90mquit()[39m 
 undefined 
 
 2018-1-26 15:10:15  [35mDELETE[39m 
 /session/:sessionID 
 
 2018-1-26 15:10:15  [33mRESPONSE[39m 
 [90mquit()[39m 
  
 
 2018-1-26 15:16:26  [33mCALL[39m 
 [90minit({"browserName":"huaweiespace","appium-version":"1.4.16","platformName":"Android","platformVersion":"7.0","deviceName":"bu zhuang X","noReset":"true","appPackage":"com.huawei.weLinkSoftClient","appWaitActivity":"com.huawei.weLink.WeLinkActivity","appActivity":"com.huawei.weLink.WeLinkActivity"})[39m 
 undefined 
 
 2018-1-26 15:16:26  [35mPOST[39m 
 /session 
 
 2018-1-26 15:16:26  [33mRESPONSE[39m 
 [90minit({"browserName":"huaweiespace","appium-version":"1.4.16","platformName":"Android","platformVersion":"7.0","deviceName":"bu zhuang X","noReset":"true","appPackage":"com.huawei.weLinkSoftClient","appWaitActivity":"com.huawei.weLink.WeLinkActivity","appActivity":"com.huawei.weLink.WeLinkActivity"})[39m 
 "1d68be0b-3e51-41be-b7cc-cd0ad4f981f6",{"platform":"LINUX","browserName":"huaweiespace","platformVersion":"7.0","webStorageEnabled":false,"takesScreenshot":true,"javascriptEnabled":true,"databaseEnabled":false,"networkConnectionEnabled":true,"locationContextEnabled":false,"warnings":{},"desired":{"browserName":"huaweiespace","appium-version":"1.4.16","platformName":"Android","platformVersion":"7.0","deviceName":"bu zhuang X","noReset":true,"appPackage":"com.huawei.weLinkSoftClient","appWaitActivity":"com.huawei.weLink.WeLinkActivity","appActivity":"com.huawei.weLink.WeLinkActivity"},"appium-version":"1.4.16","platformName":"Android","deviceName":"S9B4C17417011067","noReset":true,"appPackage":"com.huawei.weLinkSoftClient","appWaitActivity":"com.huawei.weLink.WeLinkActivity","appActivity":"com.huawei.weLink.WeLinkActivity"} 
 
 2018-1-26 15:16:26  [33mCALL[39m 
 [90msleep(15000)[39m 
 undefined 
 
 2018-1-26 15:16:26  
 [36m
Driving the web on session: 1d68be0b-3e51-41be-b7cc-cd0ad4f981f6
[39m 
 
 2018-1-26 15:16:26  [33mRESPONSE[39m 
 [90msleep(15000)[39m 
  
 
 2018-1-26 15:16:26  [33mCALL[39m 
 [90melementByAccessibilityId("登录设置")[39m 
 undefined 
 
 2018-1-26 15:16:26  [35mPOST[39m 
 /session/:sessionID/element 
 
 2018-1-26 15:16:26  [33mCALL[39m 
 [90mquit()[39m 
 undefined 
 
 2018-1-26 15:16:26  [35mDELETE[39m 
 /session/:sessionID 
 
 2018-1-26 15:16:26  [33mRESPONSE[39m 
 [90mquit()[39m 
  
 
 2018-1-26 15:17:38  [33mCALL[39m 
 [90minit({"browserName":"huaweiespace","appium-version":"1.4.16","platformName":"Android","platformVersion":"7.0","deviceName":"bu zhuang X","noReset":"true","appPackage":"com.huawei.weLinkSoftClient","appWaitActivity":"com.huawei.weLink.WeLinkActivity","appActivity":"com.huawei.weLink.WeLinkActivity"})[39m 
 undefined 
 
 2018-1-26 15:17:38  [35mPOST[39m 
 /session 
 
 2018-1-26 15:17:38  [33mRESPONSE[39m 
 [90minit({"browserName":"huaweiespace","appium-version":"1.4.16","platformName":"Android","platformVersion":"7.0","deviceName":"bu zhuang X","noReset":"true","appPackage":"com.huawei.weLinkSoftClient","appWaitActivity":"com.huawei.weLink.WeLinkActivity","appActivity":"com.huawei.weLink.WeLinkActivity"})[39m 
 "8e2e74e9-da99-46a9-8b65-4eaa01e5744a",{"platform":"LINUX","browserName":"huaweiespace","platformVersion":"7.0","webStorageEnabled":false,"takesScreenshot":true,"javascriptEnabled":true,"databaseEnabled":false,"networkConnectionEnabled":true,"locationContextEnabled":false,"warnings":{},"desired":{"browserName":"huaweiespace","appium-version":"1.4.16","platformName":"Android","platformVersion":"7.0","deviceName":"bu zhuang X","noReset":true,"appPackage":"com.huawei.weLinkSoftClient","appWaitActivity":"com.huawei.weLink.WeLinkActivity","appActivity":"com.huawei.weLink.WeLinkActivity"},"appium-version":"1.4.16","platformName":"Android","deviceName":"S9B4C17417011067","noReset":true,"appPackage":"com.huawei.weLinkSoftClient","appWaitActivity":"com.huawei.weLink.WeLinkActivity","appActivity":"com.huawei.weLink.WeLinkActivity"} 
 
 2018-1-26 15:17:38  [33mCALL[39m 
 [90msleep(15000)[39m 
 undefined 
 
 2018-1-26 15:17:38  
 [36m
Driving the web on session: 8e2e74e9-da99-46a9-8b65-4eaa01e5744a
[39m 
 
 2018-1-26 15:17:38  [33mRESPONSE[39m 
 [90msleep(15000)[39m 
  
 
 2018-1-26 15:17:38  [33mCALL[39m 
 [90melementByAccessibilityId("登录设置")[39m 
 undefined 
 
 2018-1-26 15:17:38  [35mPOST[39m 
 /session/:sessionID/element 
 
 2018-1-26 15:17:38  [33mCALL[39m 
 [90mquit()[39m 
 undefined 
 
 2018-1-26 15:17:38  [35mDELETE[39m 
 /session/:sessionID 
 
 2018-1-26 15:17:38  [33mRESPONSE[39m 
 [90mquit()[39m 
  
 
 2018-1-26 15:22:4  [33mCALL[39m 
 [90minit({"browserName":"huaweiespace","appium-version":"1.4.16","platformName":"Android","platformVersion":"7.0","deviceName":"bu zhuang X","noReset":"true","appPackage":"com.huawei.weLinkSoftClient","appWaitActivity":"com.huawei.weLink.WeLinkActivity","appActivity":"com.huawei.weLink.WeLinkActivity"})[39m 
 undefined 
 
 2018-1-26 15:22:4  [35mPOST[39m 
 /session 
 
 2018-1-26 15:22:4  [33mRESPONSE[39m 
 [90minit({"browserName":"huaweiespace","appium-version":"1.4.16","platformName":"Android","platformVersion":"7.0","deviceName":"bu zhuang X","noReset":"true","appPackage":"com.huawei.weLinkSoftClient","appWaitActivity":"com.huawei.weLink.WeLinkActivity","appActivity":"com.huawei.weLink.WeLinkActivity"})[39m 
 "f687ddf8-f015-40fb-935f-95b9e3c4d58b",{"platform":"LINUX","browserName":"huaweiespace","platformVersion":"7.0","webStorageEnabled":false,"takesScreenshot":true,"javascriptEnabled":true,"databaseEnabled":false,"networkConnectionEnabled":true,"locationContextEnabled":false,"warnings":{},"desired":{"browserName":"huaweiespace","appium-version":"1.4.16","platformName":"Android","platformVersion":"7.0","deviceName":"bu zhuang X","noReset":true,"appPackage":"com.huawei.weLinkSoftClient","appWaitActivity":"com.huawei.weLink.WeLinkActivity","appActivity":"com.huawei.weLink.WeLinkActivity"},"appium-version":"1.4.16","platformName":"Android","deviceName":"S9B4C17417011067","noReset":true,"appPackage":"com.huawei.weLinkSoftClient","appWaitActivity":"com.huawei.weLink.WeLinkActivity","appActivity":"com.huawei.weLink.WeLinkActivity"} 
 
 2018-1-26 15:22:4  [33mCALL[39m 
 [90msleep(15000)[39m 
 undefined 
 
 2018-1-26 15:22:4  
 [36m
Driving the web on session: f687ddf8-f015-40fb-935f-95b9e3c4d58b
[39m 
 
 2018-1-26 15:22:4  [33mRESPONSE[39m 
 [90msleep(15000)[39m 
  
 
 2018-1-26 15:22:4  [33mCALL[39m 
 [90melementByAccessibilityId("登录设置")[39m 
 undefined 
 
 2018-1-26 15:22:4  [35mPOST[39m 
 /session/:sessionID/element 
 
 2018-1-26 15:22:4  [33mCALL[39m 
 [90mquit()[39m 
 undefined 
 
 2018-1-26 15:22:4  [35mDELETE[39m 
 /session/:sessionID 
 
 2018-1-26 15:22:4  [33mRESPONSE[39m 
 [90mquit()[39m 
  
 
 2018-1-26 15:23:47  [33mCALL[39m 
 [90minit({"browserName":"huaweiespace","appium-version":"1.4.16","platformName":"Android","platformVersion":"7.0","deviceName":"bu zhuang X","noReset":"true","appPackage":"com.huawei.weLinkSoftClient","appWaitActivity":"com.huawei.weLink.WeLinkActivity","appActivity":"com.huawei.weLink.WeLinkActivity"})[39m 
 undefined 
 
 2018-1-26 15:23:47  [35mPOST[39m 
 /session 
 
 2018-1-26 15:23:47  [33mRESPONSE[39m 
 [90minit({"browserName":"huaweiespace","appium-version":"1.4.16","platformName":"Android","platformVersion":"7.0","deviceName":"bu zhuang X","noReset":"true","appPackage":"com.huawei.weLinkSoftClient","appWaitActivity":"com.huawei.weLink.WeLinkActivity","appActivity":"com.huawei.weLink.WeLinkActivity"})[39m 
 "31fdc25e-459c-4b20-b7f7-5e9fe17ebf83",{"platform":"LINUX","browserName":"huaweiespace","platformVersion":"7.0","webStorageEnabled":false,"takesScreenshot":true,"javascriptEnabled":true,"databaseEnabled":false,"networkConnectionEnabled":true,"locationContextEnabled":false,"warnings":{},"desired":{"browserName":"huaweiespace","appium-version":"1.4.16","platformName":"Android","platformVersion":"7.0","deviceName":"bu zhuang X","noReset":true,"appPackage":"com.huawei.weLinkSoftClient","appWaitActivity":"com.huawei.weLink.WeLinkActivity","appActivity":"com.huawei.weLink.WeLinkActivity"},"appium-version":"1.4.16","platformName":"Android","deviceName":"S9B4C17417011067","noReset":true,"appPackage":"com.huawei.weLinkSoftClient","appWaitActivity":"com.huawei.weLink.WeLinkActivity","appActivity":"com.huawei.weLink.WeLinkActivity"} 
 
 2018-1-26 15:23:47  [33mCALL[39m 
 [90msleep(15000)[39m 
 undefined 
 
 2018-1-26 15:23:47  
 [36m
Driving the web on session: 31fdc25e-459c-4b20-b7f7-5e9fe17ebf83
[39m 
 
 2018-1-26 15:23:47  [33mRESPONSE[39m 
 [90msleep(15000)[39m 
  
 
 2018-1-26 15:23:47  [33mCALL[39m 
 [90melementByAccessibilityId("登录设置")[39m 
 undefined 
 
 2018-1-26 15:23:47  [35mPOST[39m 
 /session/:sessionID/element 
 
 2018-1-26 15:23:47  [33mCALL[39m 
 [90mquit()[39m 
 undefined 
 
 2018-1-26 15:23:47  [35mDELETE[39m 
 /session/:sessionID 
 
 2018-1-26 15:23:47  [33mRESPONSE[39m 
 [90mquit()[39m 
  
 
 2018-3-25 16:23:37  [33mCALL[39m 
 [90minit({"browserName":"","appium-version":"1.4.16.1","platformName":"Android","platformVersion":"7.0","deviceName":"bu zhuang X","automationName":"appium","orientation":"PORTRAIT","noReset":false,"log":"D:\\我的站点\\test\\appium\\server\\appiumLog.log","logLevel":"debug","logTimeStamp":true,"deviceReadyTimeout":5,"exported":true,"udid":"S9B4C17417011067","newCommandTimeout":25,"androidDeviceReadyTimeout":25,"appPackage":"com.huawei.espacev2","appActivity":"com.huawei.espace.module.login.ui.LoginActivity"})[39m 
 undefined 
 
 2018-3-25 16:23:37  [35mPOST[39m 
 /session 
 
 2018-3-25 16:23:37  [33mCALL[39m 
 [90mquit()[39m 
 undefined 
 
 2018-3-25 16:23:37  [35mDELETE[39m 
 /session 
 
 2018-3-25 16:25:18  [33mCALL[39m 
 [90minit({"browserName":"","appium-version":"1.4.16.1","platformName":"Android","platformVersion":"7.0","deviceName":"bu zhuang X","automationName":"appium","orientation":"PORTRAIT","noReset":false,"log":"D:\\我的站点\\test\\appium\\server\\appiumLog.log","logLevel":"debug","logTimeStamp":true,"deviceReadyTimeout":5,"exported":true,"udid":"S9B4C17417011067","newCommandTimeout":25,"androidDeviceReadyTimeout":25,"appPackage":"com.huawei.espacev2","appActivity":"com.huawei.espace.module.login.ui.LoginActivity"})[39m 
 undefined 
 
 2018-3-25 16:25:18  [35mPOST[39m 
 /session 
 
 2018-3-25 16:25:18  [33mCALL[39m 
 [90mquit()[39m 
 undefined 
 
 2018-3-25 16:25:18  [35mDELETE[39m 
 /session 
 
 2018-3-25 16:26:23  [33mCALL[39m 
 [90minit({"browserName":"","appium-version":"1.4.16.1","platformName":"Android","platformVersion":"7.0","deviceName":"bu zhuang X","automationName":"appium","orientation":"PORTRAIT","noReset":false,"log":"D:\\我的站点\\test\\appium\\server\\appiumLog.log","logLevel":"debug","logTimeStamp":true,"deviceReadyTimeout":5,"exported":true,"udid":"S9B4C17417011067","newCommandTimeout":25,"androidDeviceReadyTimeout":25,"appPackage":"com.huawei.espacev2","appActivity":"com.huawei.espace.module.login.ui.LoginActivity"})[39m 
 undefined 
 
 2018-3-25 16:26:23  [35mPOST[39m 
 /session 
 
 2018-3-25 16:26:23  [33mCALL[39m 
 [90mquit()[39m 
 undefined 
 
 2018-3-25 16:26:23  [35mDELETE[39m 
 /session 
 
 2018-3-25 16:27:14  [33mCALL[39m 
 [90minit({"browserName":"","appium-version":"1.4.16.1","platformName":"Android","platformVersion":"7.0","deviceName":"bu zhuang X","automationName":"appium","orientation":"PORTRAIT","noReset":false,"log":"D:\\我的站点\\test\\appium\\server\\appiumLog.log","logLevel":"debug","logTimeStamp":true,"deviceReadyTimeout":5,"exported":true,"udid":"S9B4C17417011067","newCommandTimeout":25,"androidDeviceReadyTimeout":25,"appPackage":"com.huawei.espacev2","appActivity":"com.huawei.espace.module.login.ui.LoginActivity"})[39m 
 undefined 
 
 2018-3-25 16:27:14  [35mPOST[39m 
 /session 
 
 2018-3-25 16:27:14  [33mCALL[39m 
 [90mquit()[39m 
 undefined 
 
 2018-3-25 16:27:14  [35mDELETE[39m 
 /session 
 
 2018-3-25 16:28:20  [33mCALL[39m 
 [90minit({"browserName":"","appium-version":"1.4.16.1","platformName":"Android","platformVersion":"7.0","deviceName":"bu zhuang X","automationName":"appium","orientation":"PORTRAIT","noReset":false,"log":"D:\\我的站点\\test\\appium\\server\\appiumLog.log","logLevel":"debug","logTimeStamp":true,"deviceReadyTimeout":5,"exported":true,"udid":"S9B4C17417011067","newCommandTimeout":25,"androidDeviceReadyTimeout":25,"appPackage":"com.huawei.espacev2","appActivity":"com.huawei.espace.module.login.ui.LoginActivity"})[39m 
 undefined 
 
 2018-3-25 16:28:20  [35mPOST[39m 
 /session 
 
 2018-3-25 16:28:20  [33mCALL[39m 
 [90mquit()[39m 
 undefined 
 
 2018-3-25 16:28:20  [35mDELETE[39m 
 /session 
 
 2018-3-25 16:29:32  [33mCALL[39m 
 [90minit({"browserName":"","appium-version":"1.4.16.1","platformName":"Android","platformVersion":"7.0","deviceName":"bu zhuang X","automationName":"appium","orientation":"PORTRAIT","noReset":false,"log":"D:\\我的站点\\test\\appium\\server\\appiumLog.log","logLevel":"debug","logTimeStamp":true,"deviceReadyTimeout":5,"exported":true,"udid":"S9B4C17417011067","newCommandTimeout":25,"androidDeviceReadyTimeout":25,"appPackage":"com.huawei.espacev2","appActivity":"com.huawei.espace.module.main.ui.mainActivity"})[39m 
 undefined 
 
 2018-3-25 16:29:32  [35mPOST[39m 
 /session 
 
 2018-3-25 16:29:32  [33mCALL[39m 
 [90mquit()[39m 
 undefined 
 
 2018-3-25 16:29:32  [35mDELETE[39m 
 /session 
 
 2018-3-25 16:31:48  [33mCALL[39m 
 [90minit({"browserName":"","appium-version":"1.4.16.1","platformName":"Android","platformVersion":"7.0","deviceName":"bu zhuang X","automationName":"appium","orientation":"PORTRAIT","noReset":false,"log":"D:\\我的站点\\test\\appium\\server\\appiumLog.log","logLevel":"debug","logTimeStamp":true,"deviceReadyTimeout":5,"exported":true,"udid":"S9B4C17417011067","newCommandTimeout":25,"androidDeviceReadyTimeout":25,"appPackage":"com.huawei.espacev2","appActivity":"com.huawei.espace.module.login.ui.LoginActivity"})[39m 
 undefined 
 
 2018-3-25 16:31:48  [35mPOST[39m 
 /session 
 
 2018-3-25 16:31:48  [33mCALL[39m 
 [90mquit()[39m 
 undefined 
 
 2018-3-25 16:31:48  [35mDELETE[39m 
 /session 
 
 2018-3-25 16:36:3  [33mCALL[39m 
 [90minit({"browserName":"","appium-version":"1.4.16.1","platformName":"Android","platformVersion":"7.0","deviceName":"bu zhuang X","automationName":"appium","orientation":"PORTRAIT","noReset":false,"log":"D:\\我的站点\\test\\appium\\server\\appiumLog.log","logLevel":"debug","logTimeStamp":true,"deviceReadyTimeout":5,"exported":true,"udid":"127.0.0.1:62001","newCommandTimeout":25,"androidDeviceReadyTimeout":25,"appPackage":"com.huawei.espacev2","appActivity":"com.huawei.espace.module.login.ui.LoginActivity"})[39m 
 undefined 
 
 2018-3-25 16:36:3  [35mPOST[39m 
 /session 
 
 2018-3-25 16:36:3  [33mRESPONSE[39m 
 [90minit({"browserName":"","appium-version":"1.4.16.1","platformName":"Android","platformVersion":"7.0","deviceName":"bu zhuang X","automationName":"appium","orientation":"PORTRAIT","noReset":false,"log":"D:\\我的站点\\test\\appium\\server\\appiumLog.log","logLevel":"debug","logTimeStamp":true,"deviceReadyTimeout":5,"exported":true,"udid":"127.0.0.1:62001","newCommandTimeout":25,"androidDeviceReadyTimeout":25,"appPackage":"com.huawei.espacev2","appActivity":"com.huawei.espace.module.login.ui.LoginActivity"})[39m 
 "df631ca5-2658-42da-bec9-a6ce4945db12",{"platform":"LINUX","browserName":"","platformVersion":"4.4.2","webStorageEnabled":false,"takesScreenshot":true,"javascriptEnabled":true,"databaseEnabled":false,"networkConnectionEnabled":true,"locationContextEnabled":false,"warnings":{},"desired":{"browserName":"","appium-version":"1.4.16.1","platformName":"Android","platformVersion":"7.0","deviceName":"bu zhuang X","automationName":"appium","orientation":"PORTRAIT","noReset":false,"log":"D:\\我的站点\\test\\appium\\server\\appiumLog.log","logLevel":"debug","logTimeStamp":true,"deviceReadyTimeout":5,"exported":true,"udid":"127.0.0.1:62001","newCommandTimeout":25,"androidDeviceReadyTimeout":25,"appPackage":"com.huawei.espacev2","appActivity":"com.huawei.espace.module.login.ui.LoginActivity"},"appium-version":"1.4.16.1","platformName":"Android","deviceName":"127.0.0.1:62001","automationName":"appium","orientation":"PORTRAIT","noReset":false,"log":"D:\\我的站点\\test\\appium\\server\\appiumLog.log","logLevel":"debug","logTimeStamp":true,"deviceReadyTimeout":5,"exported":true,"udid":"127.0.0.1:62001","newCommandTimeout":25,"androidDeviceReadyTimeout":25,"appPackage":"com.huawei.espacev2","appActivity":"com.huawei.espace.module.login.ui.LoginActivity"} 
 
 2018-3-25 16:36:3  [33mCALL[39m 
 [90msetImplicitWaitTimeout(5000)[39m 
 undefined 
 
 2018-3-25 16:36:3  [35mPOST[39m 
 /session/:sessionID/timeouts/implicit_wait 
 
 2018-3-25 16:36:3  
 [36m
Driving the web on session: df631ca5-2658-42da-bec9-a6ce4945db12
[39m 
 
 2018-3-25 16:36:3  [33mRESPONSE[39m 
 [90msetImplicitWaitTimeout(5000)[39m 
  
 
 2018-3-25 16:36:3  [33mCALL[39m 
 [90melementById("com.huawei.espacev2:id/username")[39m 
 undefined 
 
 2018-3-25 16:36:3  [35mPOST[39m 
 /session/:sessionID/element 
 
 2018-3-25 16:36:3  [33mRESPONSE[39m 
 [90melementById("com.huawei.espacev2:id/username")[39m 
 {"ELEMENT":"1"} 
 
 2018-3-25 16:36:3  [33mCALL[39m 
 [90melement.tap()[39m 
 undefined 
 
 2018-3-25 16:36:3  [35mPOST[39m 
 /session/:sessionID/touch/click 
 
 2018-3-25 16:36:3  [33mRESPONSE[39m 
 [90melement.tap()[39m 
  
 
 2018-3-25 16:36:3  [33mCALL[39m 
 [90melement.clear()[39m 
 undefined 
 
 2018-3-25 16:36:3  [35mPOST[39m 
 /session/:sessionID/element/1/clear 
 
 2018-3-25 16:36:3  [33mRESPONSE[39m 
 [90melement.clear()[39m 
  
 
 2018-3-25 16:36:3  [33mCALL[39m 
 [90melement.type("zwx492293")[39m 
 undefined 
 
 2018-3-25 16:36:3  [35mPOST[39m 
 /session/:sessionID/element/1/value 
 
 2018-3-25 16:36:3  [33mRESPONSE[39m 
 [90melement.type("zwx492293")[39m 
  
 
 2018-3-25 16:36:3  [33mCALL[39m 
 [90melementById("com.huawei.espacev2:id/password")[39m 
 undefined 
 
 2018-3-25 16:36:3  [35mPOST[39m 
 /session/:sessionID/element 
 
 2018-3-25 16:36:3  [33mRESPONSE[39m 
 [90melementById("com.huawei.espacev2:id/password")[39m 
 {"ELEMENT":"2"} 
 
 2018-3-25 16:36:3  [33mCALL[39m 
 [90melement.tap()[39m 
 undefined 
 
 2018-3-25 16:36:3  [35mPOST[39m 
 /session/:sessionID/touch/click 
 
 2018-3-25 16:36:3  [33mRESPONSE[39m 
 [90melement.tap()[39m 
  
 
 2018-3-25 16:36:3  [33mCALL[39m 
 [90melement.clear()[39m 
 undefined 
 
 2018-3-25 16:36:3  [35mPOST[39m 
 /session/:sessionID/element/2/clear 
 
 2018-3-25 16:36:3  [33mRESPONSE[39m 
 [90melement.clear()[39m 
  
 
 2018-3-25 16:36:3  [33mCALL[39m 
 [90melement.type("zsjkl_3207234")[39m 
 undefined 
 
 2018-3-25 16:36:3  [35mPOST[39m 
 /session/:sessionID/element/2/value 
 
 2018-3-25 16:36:3  [33mRESPONSE[39m 
 [90melement.type("zsjkl_3207234")[39m 
  
 
 2018-3-25 16:36:3  [33mCALL[39m 
 [90melementById("com.huawei.espacev2:id/login")[39m 
 undefined 
 
 2018-3-25 16:36:3  [35mPOST[39m 
 /session/:sessionID/element 
 
 2018-3-25 16:36:3  [33mRESPONSE[39m 
 [90melementById("com.huawei.espacev2:id/login")[39m 
 {"ELEMENT":"3"} 
 
 2018-3-25 16:36:3  [33mCALL[39m 
 [90melement.tap()[39m 
 undefined 
 
 2018-3-25 16:36:3  [35mPOST[39m 
 /session/:sessionID/touch/click 
 
 2018-3-25 16:36:3  [33mRESPONSE[39m 
 [90melement.tap()[39m 
  
 
 2018-3-25 16:36:3  [33mCALL[39m 
 [90mwaitForElementById("com.huawei.espacev2:id/dialog_single_button",10000)[39m 
 undefined 
 
 2018-3-25 16:36:3  [33mCALL[39m 
 [90melements("id","com.huawei.espacev2:id/dialog_single_button")[39m 
 undefined 
 
 2018-3-25 16:36:3  [35mPOST[39m 
 /session/:sessionID/elements 
 
 2018-3-25 16:36:3  [33mRESPONSE[39m 
 [90melements("id","com.huawei.espacev2:id/dialog_single_button")[39m 
 [] 
 
 2018-3-25 16:36:3  [33mCALL[39m 
 [90melements("id","com.huawei.espacev2:id/dialog_single_button")[39m 
 undefined 
 
 2018-3-25 16:36:3  [35mPOST[39m 
 /session/:sessionID/elements 
 
 2018-3-25 16:36:3  [33mRESPONSE[39m 
 [90melements("id","com.huawei.espacev2:id/dialog_single_button")[39m 
 [] 
 
 2018-3-25 16:36:3  [33mCALL[39m 
 [90melements("id","com.huawei.espacev2:id/dialog_single_button")[39m 
 undefined 
 
 2018-3-25 16:36:3  [35mPOST[39m 
 /session/:sessionID/elements 
 
 2018-3-25 16:36:3  [33mRESPONSE[39m 
 [90melements("id","com.huawei.espacev2:id/dialog_single_button")[39m 
 [{"ELEMENT":"4"}] 
 
 2018-3-25 16:36:3  [33mRESPONSE[39m 
 [90mwaitForElementById("com.huawei.espacev2:id/dialog_single_button",10000)[39m 
 {"ELEMENT":"4"} 
 
 2018-3-25 16:36:3  [33mCALL[39m 
 [90melementById("com.huawei.espacev2:id/dialog_single_button")[39m 
 undefined 
 
 2018-3-25 16:36:3  [35mPOST[39m 
 /session/:sessionID/element 
 
 2018-3-25 16:36:3  [33mRESPONSE[39m 
 [90melementById("com.huawei.espacev2:id/dialog_single_button")[39m 
 {"ELEMENT":"5"} 
 
 2018-3-25 16:36:3  [33mCALL[39m 
 [90melement.tap()[39m 
 undefined 
 
 2018-3-25 16:36:3  [35mPOST[39m 
 /session/:sessionID/touch/click 
 
 2018-3-25 16:36:3  [33mRESPONSE[39m 
 [90melement.tap()[39m 
  
 
 2018-3-25 16:36:3  [33mCALL[39m 
 [90mhasElementById("com.huawei.espacev2:id/add_fab")[39m 
 undefined 
 
 2018-3-25 16:36:3  [35mPOST[39m 
 /session/:sessionID/elements 
 
 2018-3-25 16:36:3  [33mRESPONSE[39m 
 [90mhasElementById("com.huawei.espacev2:id/add_fab")[39m 
 true 
 
 2018-3-25 16:36:3  [33mCALL[39m 
 [90mquit()[39m 
 undefined 
 
 2018-3-25 16:36:3  [35mDELETE[39m 
 /session/:sessionID 
 
 2018-3-25 16:36:3  [33mRESPONSE[39m 
 [90mquit()[39m 
  
 
 2018-3-25 16:38:15  [33mCALL[39m 
 [90minit({"browserName":"","appium-version":"1.4.16.1","platformName":"Android","platformVersion":"7.0","deviceName":"bu zhuang X","automationName":"appium","orientation":"PORTRAIT","noReset":false,"log":"D:\\我的站点\\test\\appium\\server\\appiumLog.log","logLevel":"debug","logTimeStamp":true,"deviceReadyTimeout":5,"exported":true,"udid":"127.0.0.1:62001","newCommandTimeout":25,"androidDeviceReadyTimeout":25,"appPackage":"com.huawei.espacev2","appActivity":"com.huawei.espace.module.login.ui.LoginActivity"})[39m 
 undefined 
 
 2018-3-25 16:38:15  [35mPOST[39m 
 /session 
 
 2018-3-25 16:38:15  [33mRESPONSE[39m 
 [90minit({"browserName":"","appium-version":"1.4.16.1","platformName":"Android","platformVersion":"7.0","deviceName":"bu zhuang X","automationName":"appium","orientation":"PORTRAIT","noReset":false,"log":"D:\\我的站点\\test\\appium\\server\\appiumLog.log","logLevel":"debug","logTimeStamp":true,"deviceReadyTimeout":5,"exported":true,"udid":"127.0.0.1:62001","newCommandTimeout":25,"androidDeviceReadyTimeout":25,"appPackage":"com.huawei.espacev2","appActivity":"com.huawei.espace.module.login.ui.LoginActivity"})[39m 
 "6065f262-b7c7-4ee4-8b59-87c0d64abf3d",{"platform":"LINUX","browserName":"","platformVersion":"4.4.2","webStorageEnabled":false,"takesScreenshot":true,"javascriptEnabled":true,"databaseEnabled":false,"networkConnectionEnabled":true,"locationContextEnabled":false,"warnings":{},"desired":{"browserName":"","appium-version":"1.4.16.1","platformName":"Android","platformVersion":"7.0","deviceName":"bu zhuang X","automationName":"appium","orientation":"PORTRAIT","noReset":false,"log":"D:\\我的站点\\test\\appium\\server\\appiumLog.log","logLevel":"debug","logTimeStamp":true,"deviceReadyTimeout":5,"exported":true,"udid":"127.0.0.1:62001","newCommandTimeout":25,"androidDeviceReadyTimeout":25,"appPackage":"com.huawei.espacev2","appActivity":"com.huawei.espace.module.login.ui.LoginActivity"},"appium-version":"1.4.16.1","platformName":"Android","deviceName":"127.0.0.1:62001","automationName":"appium","orientation":"PORTRAIT","noReset":false,"log":"D:\\我的站点\\test\\appium\\server\\appiumLog.log","logLevel":"debug","logTimeStamp":true,"deviceReadyTimeout":5,"exported":true,"udid":"127.0.0.1:62001","newCommandTimeout":25,"androidDeviceReadyTimeout":25,"appPackage":"com.huawei.espacev2","appActivity":"com.huawei.espace.module.login.ui.LoginActivity"} 
 
 2018-3-25 16:38:15  [33mCALL[39m 
 [90msetImplicitWaitTimeout(5000)[39m 
 undefined 
 
 2018-3-25 16:38:15  [35mPOST[39m 
 /session/:sessionID/timeouts/implicit_wait 
 
 2018-3-25 16:38:15  
 [36m
Driving the web on session: 6065f262-b7c7-4ee4-8b59-87c0d64abf3d
[39m 
 
 2018-3-25 16:38:15  [33mRESPONSE[39m 
 [90msetImplicitWaitTimeout(5000)[39m 
  
 
 2018-3-25 16:38:15  [33mCALL[39m 
 [90melementById("com.huawei.espacev2:id/username")[39m 
 undefined 
 
 2018-3-25 16:38:15  [35mPOST[39m 
 /session/:sessionID/element 
 
 2018-3-25 16:38:15  [33mRESPONSE[39m 
 [90melementById("com.huawei.espacev2:id/username")[39m 
 {"ELEMENT":"1"} 
 
 2018-3-25 16:38:15  [33mCALL[39m 
 [90melement.tap()[39m 
 undefined 
 
 2018-3-25 16:38:15  [35mPOST[39m 
 /session/:sessionID/touch/click 
 
 2018-3-25 16:38:15  [33mRESPONSE[39m 
 [90melement.tap()[39m 
  
 
 2018-3-25 16:38:15  [33mCALL[39m 
 [90melement.clear()[39m 
 undefined 
 
 2018-3-25 16:38:15  [35mPOST[39m 
 /session/:sessionID/element/1/clear 
 
 2018-3-25 16:38:15  [33mRESPONSE[39m 
 [90melement.clear()[39m 
  
 
 2018-3-25 16:38:15  [33mCALL[39m 
 [90melement.type("zwx492293")[39m 
 undefined 
 
 2018-3-25 16:38:15  [35mPOST[39m 
 /session/:sessionID/element/1/value 
 
 2018-3-25 16:38:15  [33mRESPONSE[39m 
 [90melement.type("zwx492293")[39m 
  
 
 2018-3-25 16:38:15  [33mCALL[39m 
 [90melementById("com.huawei.espacev2:id/password")[39m 
 undefined 
 
 2018-3-25 16:38:15  [35mPOST[39m 
 /session/:sessionID/element 
 
 2018-3-25 16:38:15  [33mRESPONSE[39m 
 [90melementById("com.huawei.espacev2:id/password")[39m 
 {"ELEMENT":"2"} 
 
 2018-3-25 16:38:15  [33mCALL[39m 
 [90melement.tap()[39m 
 undefined 
 
 2018-3-25 16:38:15  [35mPOST[39m 
 /session/:sessionID/touch/click 
 
 2018-3-25 16:38:15  [33mRESPONSE[39m 
 [90melement.tap()[39m 
  
 
 2018-3-25 16:38:15  [33mCALL[39m 
 [90melement.clear()[39m 
 undefined 
 
 2018-3-25 16:38:15  [35mPOST[39m 
 /session/:sessionID/element/2/clear 
 
 2018-3-25 16:38:15  [33mRESPONSE[39m 
 [90melement.clear()[39m 
  
 
 2018-3-25 16:38:15  [33mCALL[39m 
 [90melement.type("zsjkl_3207234")[39m 
 undefined 
 
 2018-3-25 16:38:15  [35mPOST[39m 
 /session/:sessionID/element/2/value 
 
 2018-3-25 16:38:15  [33mRESPONSE[39m 
 [90melement.type("zsjkl_3207234")[39m 
  
 
 2018-3-25 16:38:15  [33mCALL[39m 
 [90melementById("com.huawei.espacev2:id/login")[39m 
 undefined 
 
 2018-3-25 16:38:15  [35mPOST[39m 
 /session/:sessionID/element 
 
 2018-3-25 16:38:15  [33mRESPONSE[39m 
 [90melementById("com.huawei.espacev2:id/login")[39m 
 {"ELEMENT":"3"} 
 
 2018-3-25 16:38:15  [33mCALL[39m 
 [90melement.tap()[39m 
 undefined 
 
 2018-3-25 16:38:15  [35mPOST[39m 
 /session/:sessionID/touch/click 
 
 2018-3-25 16:38:15  [33mRESPONSE[39m 
 [90melement.tap()[39m 
  
 
 2018-3-25 16:38:15  [33mCALL[39m 
 [90mwaitForElementById("com.huawei.espacev2:id/dialog_single_button",10000)[39m 
 undefined 
 
 2018-3-25 16:38:15  [33mCALL[39m 
 [90melements("id","com.huawei.espacev2:id/dialog_single_button")[39m 
 undefined 
 
 2018-3-25 16:38:15  [35mPOST[39m 
 /session/:sessionID/elements 
 
 2018-3-25 16:38:15  [33mRESPONSE[39m 
 [90melements("id","com.huawei.espacev2:id/dialog_single_button")[39m 
 [] 
 
 2018-3-25 16:38:15  [33mCALL[39m 
 [90melements("id","com.huawei.espacev2:id/dialog_single_button")[39m 
 undefined 
 
 2018-3-25 16:38:15  [35mPOST[39m 
 /session/:sessionID/elements 
 
 2018-3-25 16:38:15  [33mRESPONSE[39m 
 [90melements("id","com.huawei.espacev2:id/dialog_single_button")[39m 
 [] 
 
 2018-3-25 16:38:15  [33mCALL[39m 
 [90melements("id","com.huawei.espacev2:id/dialog_single_button")[39m 
 undefined 
 
 2018-3-25 16:38:15  [35mPOST[39m 
 /session/:sessionID/elements 
 
 2018-3-25 16:38:15  [33mRESPONSE[39m 
 [90melements("id","com.huawei.espacev2:id/dialog_single_button")[39m 
 [{"ELEMENT":"4"}] 
 
 2018-3-25 16:38:15  [33mRESPONSE[39m 
 [90mwaitForElementById("com.huawei.espacev2:id/dialog_single_button",10000)[39m 
 {"ELEMENT":"4"} 
 
 2018-3-25 16:38:15  [33mCALL[39m 
 [90melementById("com.huawei.espacev2:id/dialog_single_button")[39m 
 undefined 
 
 2018-3-25 16:38:15  [35mPOST[39m 
 /session/:sessionID/element 
 
 2018-3-25 16:38:15  [33mRESPONSE[39m 
 [90melementById("com.huawei.espacev2:id/dialog_single_button")[39m 
 {"ELEMENT":"5"} 
 
 2018-3-25 16:38:15  [33mCALL[39m 
 [90melement.tap()[39m 
 undefined 
 
 2018-3-25 16:38:15  [35mPOST[39m 
 /session/:sessionID/touch/click 
 
 2018-3-25 16:38:15  [33mRESPONSE[39m 
 [90melement.tap()[39m 
  
 
 2018-3-25 16:38:15  [33mCALL[39m 
 [90mhasElementById("com.huawei.espacev2:id/add_fab")[39m 
 undefined 
 
 2018-3-25 16:38:15  [35mPOST[39m 
 /session/:sessionID/elements 
 
 2018-3-25 16:38:15  [33mRESPONSE[39m 
 [90mhasElementById("com.huawei.espacev2:id/add_fab")[39m 
 true 
 
 2018-3-25 16:38:15  [33mCALL[39m 
 [90mquit()[39m 
 undefined 
 
 2018-3-25 16:38:15  [35mDELETE[39m 
 /session/:sessionID 
 
 2018-3-25 16:38:15  [33mRESPONSE[39m 
 [90mquit()[39m 
  
 